2025-08-06 11:10:09,113 - automation_logger - INFO - 开始请求获取字典列表数据，URL:https://192.168.0.101/admin-api/system/dict-data/list-all-simple
2025-08-06 11:10:09,144 - automation_logger - ERROR - 请求发生异常：HTTPSConnectionPool(host='192.168.0.101', port=443): Max retries exceeded with url: /admin-api/system/dict-data/list-all-simple (Caused by SSLError(SSLCertVerificationError(1, '[SSL: CERTIFICATE_VERIFY_FAILED] certificate verify failed: self-signed certificate (_ssl.c:1028)')))
2025-08-06 11:25:00,458 - automation_logger - INFO - 开始请求获取字典列表数据，URL:https://192.168.0.101/admin-api/system/dict-data/list-all-simple
2025-08-06 11:25:00,551 - automation_logger - INFO - 请求成功，状态码：200
2025-08-06 11:28:11,005 - automation_logger - INFO - 开始请求获取字典列表数据，URL:https://192.168.0.101/admin-api/system/dict-data/list-all-simple
2025-08-06 11:28:11,078 - automation_logger - INFO - 请求成功，状态码：200
2025-08-06 14:48:09,320 - automation_logger - INFO - --- 开始执行登录操作 (Session级别Fixture) ---
2025-08-06 14:48:09,321 - automation_logger - INFO - 开始使用手机号码和短信验证码登录，URL: https://192.168.0.101/admin-api/system/auth/sms-login,手机号为：19981927939
2025-08-06 14:48:11,356 - automation_logger - ERROR - 登录请求发生异常: ('Connection aborted.', ConnectionResetError(10054, '远程主机强迫关闭了一个现有的连接。', None, 10054, None))
Traceback (most recent call last):
  File "D:\develop\PythonAuto\.venv\Lib\site-packages\urllib3\connectionpool.py", line 773, in urlopen
    self._prepare_proxy(conn)
    ~~~~~~~~~~~~~~~~~~~^^^^^^
  File "D:\develop\PythonAuto\.venv\Lib\site-packages\urllib3\connectionpool.py", line 1042, in _prepare_proxy
    conn.connect()
    ~~~~~~~~~~~~^^
  File "D:\develop\PythonAuto\.venv\Lib\site-packages\urllib3\connection.py", line 790, in connect
    sock_and_verified = _ssl_wrap_socket_and_match_hostname(
        sock=sock,
    ...<14 lines>...
        assert_fingerprint=self.assert_fingerprint,
    )
  File "D:\develop\PythonAuto\.venv\Lib\site-packages\urllib3\connection.py", line 969, in _ssl_wrap_socket_and_match_hostname
    ssl_sock = ssl_wrap_socket(
        sock=sock,
    ...<8 lines>...
        tls_in_tls=tls_in_tls,
    )
  File "D:\develop\PythonAuto\.venv\Lib\site-packages\urllib3\util\ssl_.py", line 480, in ssl_wrap_socket
    ssl_sock = _ssl_wrap_socket_impl(sock, context, tls_in_tls, server_hostname)
  File "D:\develop\PythonAuto\.venv\Lib\site-packages\urllib3\util\ssl_.py", line 524, in _ssl_wrap_socket_impl
    return ssl_context.wrap_socket(sock, server_hostname=server_hostname)
           ~~~~~~~~~~~~~~~~~~~~~~~^^^^^^^^^^^^^^^^^^^^^^^^^^^^^^^^^^^^^^^
  File "D:\software\Python313\Lib\ssl.py", line 455, in wrap_socket
    return self.sslsocket_class._create(
           ~~~~~~~~~~~~~~~~~~~~~~~~~~~~^
        sock=sock,
        ^^^^^^^^^^
    ...<5 lines>...
        session=session
        ^^^^^^^^^^^^^^^
    )
    ^
  File "D:\software\Python313\Lib\ssl.py", line 1076, in _create
    self.do_handshake()
    ~~~~~~~~~~~~~~~~~^^
  File "D:\software\Python313\Lib\ssl.py", line 1372, in do_handshake
    self._sslobj.do_handshake()
    ~~~~~~~~~~~~~~~~~~~~~~~~~^^
ConnectionResetError: [WinError 10054] 远程主机强迫关闭了一个现有的连接。

During handling of the above exception, another exception occurred:

Traceback (most recent call last):
  File "D:\develop\PythonAuto\.venv\Lib\site-packages\requests\adapters.py", line 667, in send
    resp = conn.urlopen(
        method=request.method,
    ...<9 lines>...
        chunked=chunked,
    )
  File "D:\develop\PythonAuto\.venv\Lib\site-packages\urllib3\connectionpool.py", line 841, in urlopen
    retries = retries.increment(
        method, url, error=new_e, _pool=self, _stacktrace=sys.exc_info()[2]
    )
  File "D:\develop\PythonAuto\.venv\Lib\site-packages\urllib3\util\retry.py", line 474, in increment
    raise reraise(type(error), error, _stacktrace)
          ~~~~~~~^^^^^^^^^^^^^^^^^^^^^^^^^^^^^^^^^
  File "D:\develop\PythonAuto\.venv\Lib\site-packages\urllib3\util\util.py", line 38, in reraise
    raise value.with_traceback(tb)
  File "D:\develop\PythonAuto\.venv\Lib\site-packages\urllib3\connectionpool.py", line 773, in urlopen
    self._prepare_proxy(conn)
    ~~~~~~~~~~~~~~~~~~~^^^^^^
  File "D:\develop\PythonAuto\.venv\Lib\site-packages\urllib3\connectionpool.py", line 1042, in _prepare_proxy
    conn.connect()
    ~~~~~~~~~~~~^^
  File "D:\develop\PythonAuto\.venv\Lib\site-packages\urllib3\connection.py", line 790, in connect
    sock_and_verified = _ssl_wrap_socket_and_match_hostname(
        sock=sock,
    ...<14 lines>...
        assert_fingerprint=self.assert_fingerprint,
    )
  File "D:\develop\PythonAuto\.venv\Lib\site-packages\urllib3\connection.py", line 969, in _ssl_wrap_socket_and_match_hostname
    ssl_sock = ssl_wrap_socket(
        sock=sock,
    ...<8 lines>...
        tls_in_tls=tls_in_tls,
    )
  File "D:\develop\PythonAuto\.venv\Lib\site-packages\urllib3\util\ssl_.py", line 480, in ssl_wrap_socket
    ssl_sock = _ssl_wrap_socket_impl(sock, context, tls_in_tls, server_hostname)
  File "D:\develop\PythonAuto\.venv\Lib\site-packages\urllib3\util\ssl_.py", line 524, in _ssl_wrap_socket_impl
    return ssl_context.wrap_socket(sock, server_hostname=server_hostname)
           ~~~~~~~~~~~~~~~~~~~~~~~^^^^^^^^^^^^^^^^^^^^^^^^^^^^^^^^^^^^^^^
  File "D:\software\Python313\Lib\ssl.py", line 455, in wrap_socket
    return self.sslsocket_class._create(
           ~~~~~~~~~~~~~~~~~~~~~~~~~~~~^
        sock=sock,
        ^^^^^^^^^^
    ...<5 lines>...
        session=session
        ^^^^^^^^^^^^^^^
    )
    ^
  File "D:\software\Python313\Lib\ssl.py", line 1076, in _create
    self.do_handshake()
    ~~~~~~~~~~~~~~~~~^^
  File "D:\software\Python313\Lib\ssl.py", line 1372, in do_handshake
    self._sslobj.do_handshake()
    ~~~~~~~~~~~~~~~~~~~~~~~~~^^
urllib3.exceptions.ProtocolError: ('Connection aborted.', ConnectionResetError(10054, '远程主机强迫关闭了一个现有的连接。', None, 10054, None))

During handling of the above exception, another exception occurred:

Traceback (most recent call last):
  File "D:\develop\PythonAuto\api\auth_api.py", line 18, in login
    response = requests.post(login_url, json=payload, verify=False)
  File "D:\develop\PythonAuto\.venv\Lib\site-packages\requests\api.py", line 115, in post
    return request("post", url, data=data, json=json, **kwargs)
  File "D:\develop\PythonAuto\.venv\Lib\site-packages\requests\api.py", line 59, in request
    return session.request(method=method, url=url, **kwargs)
           ~~~~~~~~~~~~~~~^^^^^^^^^^^^^^^^^^^^^^^^^^^^^^^^^^
  File "D:\develop\PythonAuto\.venv\Lib\site-packages\requests\sessions.py", line 589, in request
    resp = self.send(prep, **send_kwargs)
  File "D:\develop\PythonAuto\.venv\Lib\site-packages\requests\sessions.py", line 703, in send
    r = adapter.send(request, **kwargs)
  File "D:\develop\PythonAuto\.venv\Lib\site-packages\requests\adapters.py", line 682, in send
    raise ConnectionError(err, request=request)
requests.exceptions.ConnectionError: ('Connection aborted.', ConnectionResetError(10054, '远程主机强迫关闭了一个现有的连接。', None, 10054, None))
2025-08-06 14:52:34,774 - automation_logger - INFO - --- 开始执行登录操作 (Session级别Fixture) ---
2025-08-06 14:52:34,775 - automation_logger - INFO - 开始使用手机号码和短信验证码登录，URL: https://192.168.0.101/admin-api/system/auth/sms-login,手机号为：19981927939
2025-08-06 14:52:34,892 - automation_logger - INFO - 登录失败，响应: {'code': 400, 'data': None, 'msg': '请求的租户标识未传递，请进行排查'}
2025-08-06 15:10:16,102 - automation_logger - INFO - --- 开始执行登录操作 (Session级别Fixture) ---
2025-08-06 15:10:16,102 - automation_logger - INFO - 开始使用手机号码和短信验证码登录，URL: https://192.168.0.101/admin-api/system/auth/sms-login,手机号为：19981927939
2025-08-06 15:10:16,220 - automation_logger - INFO - 登录失败，响应: {'code': 1002014003, 'data': None, 'msg': '验证码不正确'}
2025-08-06 15:10:49,874 - automation_logger - INFO - --- 开始执行登录操作 (Session级别Fixture) ---
2025-08-06 15:10:49,875 - automation_logger - INFO - 开始使用手机号码和短信验证码登录，URL: https://192.168.0.101/admin-api/system/auth/sms-login,手机号为：19981927939
2025-08-06 15:10:49,972 - automation_logger - INFO - 登录失败，响应: {'code': 1002014003, 'data': None, 'msg': '验证码不正确'}
2025-08-06 15:20:49,320 - automation_logger - INFO - --- 开始执行登录操作 (Session级别Fixture) ---
2025-08-06 15:20:49,320 - automation_logger - INFO - 开始使用手机号码和短信验证码登录，URL: https://192.168.0.101/admin-api/system/auth/sms-login,手机号为：19981927939
2025-08-06 15:20:49,553 - automation_logger - INFO - 登录成功，已经取到token
2025-08-06 15:20:49,554 - automation_logger - INFO - --- 登录成功，Token已准备就绪 ---
2025-08-06 15:20:49,556 - automation_logger - INFO - 开始请求获取字典列表数据，URL:https://192.168.0.101/admin-api/system/dict-data/list-all-simple
2025-08-06 15:20:49,705 - automation_logger - INFO - 请求成功，状态码：200
2025-08-06 15:23:22,971 - automation_logger - INFO - --- 开始执行登录操作 (Session级别Fixture) ---
2025-08-06 15:23:22,971 - automation_logger - INFO - 开始使用手机号码和短信验证码登录，URL: https://192.168.0.101/admin-api/system/auth/sms-login,手机号为：19981927939
2025-08-06 15:23:23,071 - automation_logger - INFO - 登录失败，响应: {'code': 1002014003, 'data': None, 'msg': '验证码不正确'}
2025-08-06 15:23:52,824 - automation_logger - INFO - --- 开始执行登录操作 (Session级别Fixture) ---
2025-08-06 15:23:52,824 - automation_logger - INFO - 开始使用手机号码和短信验证码登录，URL: https://192.168.0.101/admin-api/system/auth/sms-login,手机号为：19981927939
2025-08-06 15:23:52,916 - automation_logger - INFO - 登录失败，响应: {'code': 1002014003, 'data': None, 'msg': '验证码不正确'}
2025-08-06 15:42:32,996 - automation_logger - INFO - --- 开始执行登录操作 (Session级别Fixture) ---
2025-08-06 15:42:32,996 - automation_logger - INFO - 开始请求获取短信验证码，手机号: 19981927939
2025-08-06 15:42:33,171 - automation_logger - INFO - 成功触发服务器生成验证码状态。
2025-08-06 15:42:33,172 - automation_logger - INFO - 开始使用手机号码和短信验证码登录，URL: https://192.168.0.101/admin-api/system/auth/sms-login,手机号为：19981927939
2025-08-06 15:42:33,400 - automation_logger - INFO - 登录成功，已经取到token
2025-08-06 15:42:33,401 - automation_logger - INFO - --- 登录成功，Token已准备就绪 ---
2025-08-06 15:42:33,404 - automation_logger - INFO - 开始请求获取字典列表数据，URL:https://192.168.0.101/admin-api/system/dict-data/list-all-simple
2025-08-06 15:42:33,539 - automation_logger - INFO - 请求成功，状态码：200,data数据内容为：[{'dictType': 'account_pay_method', 'value': '1', 'label': '银行转账', 'colorType': 'default', 'cssClass': ''}, {'dictType': 'account_pay_method', 'value': '2', 'label': '现金', 'colorType': 'default', 'cssClass': ''}, {'dictType': 'account_pay_method', 'value': '3', 'label': '余额', 'colorType': 'default', 'cssClass': ''}, {'dictType': 'account_tenant_type', 'value': '0', 'label': '全部', 'colorType': 'default', 'cssClass': ''}, {'dictType': 'account_tenant_type', 'value': '1', 'label': '服务收入', 'colorType': 'default', 'cssClass': ''}, {'dictType': 'account_tenant_type', 'value': '2', 'label': '服务支出', 'colorType': 'default', 'cssClass': ''}, {'dictType': 'account_transaction_type', 'value': '1', 'label': '充值', 'colorType': 'default', 'cssClass': ''}, {'dictType': 'account_transaction_type', 'value': '2', 'label': '预扣费', 'colorType': 'default', 'cssClass': ''}, {'dictType': 'account_transaction_type', 'value': '3', 'label': '预扣费解冻', 'colorType': 'default', 'cssClass': ''}, {'dictType': 'account_transaction_type', 'value': '4', 'label': '结算扣费', 'colorType': 'default', 'cssClass': ''}, {'dictType': 'account_transaction_type', 'value': '5', 'label': '退费', 'colorType': 'default', 'cssClass': ''}, {'dictType': 'account_transaction_type', 'value': '6', 'label': '手动调增', 'colorType': 'default', 'cssClass': ''}, {'dictType': 'account_transaction_type', 'value': '7', 'label': '手动调减', 'colorType': 'default', 'cssClass': ''}, {'dictType': 'administrative_level', 'value': '1', 'label': '省部级', 'colorType': 'default', 'cssClass': ''}, {'dictType': 'administrative_level', 'value': '2', 'label': '地市级', 'colorType': 'default', 'cssClass': ''}, {'dictType': 'administrative_level', 'value': '3', 'label': '区县级', 'colorType': 'default', 'cssClass': ''}, {'dictType': 'announcement_news_type', 'value': '1', 'label': '首页', 'colorType': 'default', 'cssClass': ''}, {'dictType': 'announcement_news_type', 'value': '2', 'label': '6大业务大类', 'colorType': 'default', 'cssClass': ''}, {'dictType': 'basic_service_activation_modes', 'value': '1', 'label': '合同签约', 'colorType': 'primary', 'cssClass': ''}, {'dictType': 'basic_service_activation_modes', 'value': '2', 'label': '中心租户管理员配置', 'colorType': 'primary', 'cssClass': ''}, {'dictType': 'basic_service_activation_modes', 'value': '3', 'label': '超级管理员配置', 'colorType': 'primary', 'cssClass': ''}, {'dictType': 'basic_service_built_in_type', 'value': '1', 'label': '内置', 'colorType': 'danger', 'cssClass': ''}, {'dictType': 'basic_service_built_in_type', 'value': '2', 'label': '可配置', 'colorType': 'primary', 'cssClass': ''}, {'dictType': 'bpm_model_category', 'value': '0', 'label': '普通全流程', 'colorType': 'primary', 'cssClass': ''}, {'dictType': 'bpm_model_category', 'value': '1', 'label': '接收方流程', 'colorType': 'success', 'cssClass': ''}, {'dictType': 'bpm_model_category', 'value': '2', 'label': '发起方流程', 'colorType': 'success', 'cssClass': ''}, {'dictType': 'bpm_model_form_type', 'value': '0', 'label': '仅基础表单', 'colorType': 'default', 'cssClass': ''}, {'dictType': 'bpm_model_form_type', 'value': '10', 'label': '基础表单+自定义表单', 'colorType': 'default', 'cssClass': ''}, {'dictType': 'bpm_model_form_type', 'value': '20', 'label': '特殊定制表单', 'colorType': 'default', 'cssClass': ''}, {'dictType': 'bpm_oa_leave_type', 'value': '1', 'label': '病假', 'colorType': 'primary', 'cssClass': ''}, {'dictType': 'bpm_oa_leave_type', 'value': '2', 'label': '事假', 'colorType': 'info', 'cssClass': ''}, {'dictType': 'bpm_oa_leave_type', 'value': '3', 'label': '婚假', 'colorType': 'warning', 'cssClass': ''}, {'dictType': 'bpm_process_instance_result', 'value': '1', 'label': '处理中', 'colorType': 'primary', 'cssClass': ''}, {'dictType': 'bpm_process_instance_result', 'value': '2', 'label': '已结束', 'colorType': 'success', 'cssClass': ''}, {'dictType': 'bpm_process_instance_result', 'value': '3', 'label': '不通过', 'colorType': 'danger', 'cssClass': ''}, {'dictType': 'bpm_process_instance_result', 'value': '4', 'label': '已取消', 'colorType': 'info', 'cssClass': ''}, {'dictType': 'bpm_process_instance_status', 'value': '1', 'label': '进行中', 'colorType': 'primary', 'cssClass': ''}, {'dictType': 'bpm_process_instance_status', 'value': '2', 'label': '已完成', 'colorType': 'success', 'cssClass': ''}, {'dictType': 'bpm_task_assign_rule_type', 'value': '10', 'label': '角色', 'colorType': 'info', 'cssClass': ''}, {'dictType': 'bpm_task_assign_rule_type', 'value': '20', 'label': '部门成员', 'colorType': 'primary', 'cssClass': ''}, {'dictType': 'bpm_task_assign_rule_type', 'value': '22', 'label': '岗位', 'colorType': 'success', 'cssClass': ''}, {'dictType': 'bpm_task_assign_rule_type', 'value': '30', 'label': '用户', 'colorType': 'info', 'cssClass': ''}, {'dictType': 'bpm_task_assign_rule_type', 'value': '50', 'label': '特殊类型', 'colorType': 'info', 'cssClass': ''}, {'dictType': 'bpm_task_assign_script', 'value': '10', 'label': '流程发起人', 'colorType': 'primary', 'cssClass': ''}, {'dictType': 'bpm_task_assign_script', 'value': '31', 'label': '邀请方会诊管理员', 'colorType': 'primary', 'cssClass': ''}, {'dictType': 'bpm_task_assign_script', 'value': '40', 'label': '所有受邀医生', 'colorType': 'primary', 'cssClass': ''}, {'dictType': 'bpm_task_assign_script', 'value': '41', 'label': '邀请方会诊医生', 'colorType': 'primary', 'cssClass': ''}, {'dictType': 'bpm_task_assign_script', 'value': '50', 'label': '所有会诊相关人员', 'colorType': 'primary', 'cssClass': ''}, {'dictType': 'bpm_task_assign_script', 'value': '60', 'label': '受邀方会诊患者', 'colorType': 'primary', 'cssClass': ''}, {'dictType': 'bpm_task_type', 'value': '1', 'label': '待处理', 'colorType': 'warning', 'cssClass': ''}, {'dictType': 'bpm_task_type', 'value': '2', 'label': '待入会', 'colorType': 'success', 'cssClass': ''}, {'dictType': 'bpm_task_type', 'value': '3', 'label': '待安排', 'colorType': 'primary', 'cssClass': ''}, {'dictType': 'bpm_task_type', 'value': '4', 'label': '待确认', 'colorType': 'primary', 'cssClass': ''}, {'dictType': 'bpm_task_type', 'value': '10', 'label': '待填写', 'colorType': 'primary', 'cssClass': ''}, {'dictType': 'bpm_task_type', 'value': '20', 'label': '待接收', 'colorType': 'warning', 'cssClass': ''}, {'dictType': 'bpm_task_type', 'value': '21', 'label': '待签到', 'colorType': 'success', 'cssClass': ''}, {'dictType': 'bpm_task_type', 'value': '60', 'label': '待初审', 'colorType': 'warning', 'cssClass': ''}, {'dictType': 'bpm_task_type', 'value': '61', 'label': '待专科审核', 'colorType': 'warning', 'cssClass': ''}, {'dictType': 'bpm_task_type', 'value': '62', 'label': '待出发', 'colorType': 'primary', 'cssClass': ''}, {'dictType': 'bpm_task_type', 'value': '63', 'label': '待到达', 'colorType': 'success', 'cssClass': ''}, {'dictType': 'common_status', 'value': '0', 'label': '开启', 'colorType': 'primary', 'cssClass': ''}, {'dictType': 'common_status', 'value': '1', 'label': '关闭', 'colorType': 'info', 'cssClass': ''}, {'dictType': 'cons_belong_to', 'value': '1', 'label': '无', 'colorType': 'default', 'cssClass': ''}, {'dictType': 'cons_belong_to', 'value': '2', 'label': '复诊', 'colorType': 'default', 'cssClass': ''}, {'dictType': 'cons_belong_to', 'value': '3', 'label': '纠纷', 'colorType': 'default', 'cssClass': ''}, {'dictType': 'cons_conclusion_type', 'value': '1', 'label': '个人', 'colorType': 'default', 'cssClass': ''}, {'dictType': 'cons_conclusion_type', 'value': '2', 'label': '科室', 'colorType': 'default', 'cssClass': ''}, {'dictType': 'cons_doc_schedule_status', 'value': '0', 'label': '占用中', 'colorType': 'warning', 'cssClass': ''}, {'dictType': 'cons_doc_schedule_status', 'value': '1', 'label': '结束占用', 'colorType': 'success', 'cssClass': ''}, {'dictType': 'cons_document_type', 'value': '1', 'label': '会诊文书', 'colorType': 'success', 'cssClass': ''}, {'dictType': 'cons_document_type', 'value': '2', 'label': '补充文书', 'colorType': 'warning', 'cssClass': ''}, {'dictType': 'cons_document_type', 'value': '0', 'label': '未填写', 'colorType': 'info', 'cssClass': ''}, {'dictType': 'cons_file_type', 'value': '0', 'label': '检查报告', 'colorType': 'default', 'cssClass': ''}, {'dictType': 'cons_file_type', 'value': '1', 'label': '影像报告', 'colorType': 'default', 'cssClass': ''}, {'dictType': 'cons_inter_status', 'value': '0', 'label': '未提交', 'colorType': 'warning', 'cssClass': ''}, {'dictType': 'cons_inter_status', 'value': '1', 'label': '审批中', 'colorType': 'warning', 'cssClass': ''}, {'dictType': 'cons_inter_status', 'value': '2', 'label': '已会诊', 'colorType': 'success', 'cssClass': ''}, {'dictType': 'cons_inter_status', 'value': '3', 'label': '被拒绝', 'colorType': 'danger', 'cssClass': ''}, {'dictType': 'cons_inter_status', 'value': '4', 'label': '已取消', 'colorType': 'info', 'cssClass': ''}, {'dictType': 'cons_inter_status', 'value': '5', 'label': '待安排', 'colorType': 'warning', 'cssClass': ''}, {'dictType': 'cons_inter_status', 'value': '6', 'label': '待确认', 'colorType': 'primary', 'cssClass': ''}, {'dictType': 'cons_inter_status', 'value': '10', 'label': '待会诊', 'colorType': 'primary', 'cssClass': ''}, {'dictType': 'cons_inter_status', 'value': '20', 'label': '会诊中', 'colorType': 'primary', 'cssClass': ''}, {'dictType': 'cons_inter_status', 'value': '30', 'label': '已结束', 'colorType': 'info', 'cssClass': ''}, {'dictType': 'cons_intra_status', 'value': '1', 'label': '待接受', 'colorType': 'warning', 'cssClass': ''}, {'dictType': 'cons_intra_status', 'value': '2', 'label': '已会诊', 'colorType': 'success', 'cssClass': ''}, {'dictType': 'cons_intra_status', 'value': '3', 'label': '被拒绝', 'colorType': 'danger', 'cssClass': ''}, {'dictType': 'cons_intra_status', 'value': '4', 'label': '已取消', 'colorType': 'info', 'cssClass': ''}, {'dictType': 'cons_intra_status', 'value': '10', 'label': '待会诊', 'colorType': 'primary', 'cssClass': ''}, {'dictType': 'cons_intra_status', 'value': '6', 'label': '会诊中', 'colorType': 'primary', 'cssClass': ''}, {'dictType': 'cons_intra_status', 'value': '7', 'label': '已结束', 'colorType': 'success', 'cssClass': ''}, {'dictType': 'cons_is_mul_subject', 'value': '1', 'label': '单科', 'colorType': 'default', 'cssClass': ''}, {'dictType': 'cons_is_mul_subject', 'value': '2', 'label': '多科', 'colorType': 'default', 'cssClass': ''}, {'dictType': 'cons_medical_insurance_type', 'value': '1', 'label': '城镇职工基本医疗保险', 'colorType': 'default', 'cssClass': ''}, {'dictType': 'cons_medical_insurance_type', 'value': '2', 'label': '新农合医疗保险', 'colorType': 'default', 'cssClass': ''}, {'dictType': 'cons_medical_insurance_type', 'value': '3', 'label': '城镇居民基本医疗保险', 'colorType': 'default', 'cssClass': ''}, {'dictType': 'cons_medical_insurance_type', 'value': '4', 'label': '离休干部医疗保险', 'colorType': 'default', 'cssClass': ''}, {'dictType': 'cons_meetingroom_status', 'value': '0', 'label': '启用', 'colorType': 'primary', 'cssClass': ''}, {'dictType': 'cons_meetingroom_status', 'value': '1', 'label': '停用', 'colorType': 'danger', 'cssClass': ''}, {'dictType': 'cons_referral_quick_reply', 'value': '1', 'label': '会诊', 'colorType': 'default', 'cssClass': ''}, {'dictType': 'cons_referral_quick_reply', 'value': '2', 'label': '转诊', 'colorType': 'default', 'cssClass': ''}, {'dictType': 'cons_room_schedule_status', 'value': '0', 'label': '占用中', 'colorType': 'warning', 'cssClass': ''}, {'dictType': 'cons_room_schedule_status', 'value': '1', 'label': '占用结束', 'colorType': 'success', 'cssClass': ''}, {'dictType': 'cons_service_type', 'value': '1', 'label': '远程会诊', 'colorType': 'default', 'cssClass': ''}, {'dictType': 'cons_service_type', 'value': '10', 'label': '单科会诊', 'colorType': 'default', 'cssClass': ''}, {'dictType': 'cons_service_type', 'value': '11', 'label': '双科会诊', 'colorType': 'default', 'cssClass': ''}, {'dictType': 'cons_service_type', 'value': '12', 'label': '特需会诊', 'colorType': 'default', 'cssClass': ''}, {'dictType': 'cons_specialDisease_type', 'value': '1', 'label': '否', 'colorType': 'default', 'cssClass': ''}, {'dictType': 'cons_specialDisease_type', 'value': '2', 'label': '是', 'colorType': 'default', 'cssClass': ''}, {'dictType': 'cons_status', 'value': '1', 'label': '审批中', 'colorType': 'warning', 'cssClass': ''}, {'dictType': 'cons_status', 'value': '2', 'label': '已会诊', 'colorType': 'success', 'cssClass': ''}, {'dictType': 'cons_status', 'value': '3', 'label': '被拒绝', 'colorType': 'danger', 'cssClass': ''}, {'dictType': 'cons_status', 'value': '4', 'label': '已取消', 'colorType': 'info', 'cssClass': ''}, {'dictType': 'cons_status', 'value': '5', 'label': '待安排', 'colorType': 'warning', 'cssClass': ''}, {'dictType': 'cons_status', 'value': '6', 'label': '待确认', 'colorType': 'warning', 'cssClass': ''}, {'dictType': 'cons_status', 'value': '7', 'label': '待会诊', 'colorType': 'primary', 'cssClass': ''}, {'dictType': 'cons_status', 'value': '8', 'label': '会诊中', 'colorType': 'primary', 'cssClass': ''}, {'dictType': 'cons_status', 'value': '9', 'label': '已结束', 'colorType': 'success', 'cssClass': ''}, {'dictType': 'cons_status', 'value': '10', 'label': '余额不足', 'colorType': 'danger', 'cssClass': ''}, {'dictType': 'cons_status', 'value': '20', 'label': '待填写', 'colorType': 'primary', 'cssClass': ''}, {'dictType': 'cons_type', 'value': '1', 'label': '急会诊', 'colorType': 'default', 'cssClass': ''}, {'dictType': 'cons_type', 'value': '2', 'label': '平会诊', 'colorType': 'default', 'cssClass': ''}, {'dictType': 'contract_quick_backfill', 'value': '1', 'label': '初审备注模板', 'colorType': 'default', 'cssClass': ''}, {'dictType': 'contract_quick_backfill', 'value': '2', 'label': '复审备注模板', 'colorType': 'default', 'cssClass': ''}, {'dictType': 'contract_quick_backfill', 'value': '3', 'label': '协议审核新签备注模板', 'colorType': 'default', 'cssClass': ''}, {'dictType': 'contract_quick_backfill', 'value': '4', 'label': '协议审核续签备注模板', 'colorType': 'default', 'cssClass': ''}, {'dictType': 'contract_quick_backfill', 'value': '5', 'label': '签约成功备注模板', 'colorType': 'default', 'cssClass': ''}, {'dictType': 'contract_quick_backfill', 'value': '6', 'label': '作废备注模板', 'colorType': 'default', 'cssClass': ''}, {'dictType': 'contract_quick_backfill', 'value': '7', 'label': '收到协议模板', 'colorType': 'default', 'cssClass': ''}, {'dictType': 'contract_status', 'value': '0', 'label': '全部', 'colorType': 'default', 'cssClass': ''}, {'dictType': 'contract_status', 'value': '2', 'label': '已生效', 'colorType': 'success', 'cssClass': ''}, {'dictType': 'contract_status', 'value': '3', 'label': '已过期', 'colorType': 'info', 'cssClass': ''}, {'dictType': 'contract_status', 'value': '4', 'label': '收到协议', 'colorType': 'warning', 'cssClass': ''}, {'dictType': 'contract_type', 'value': '0', 'label': '提交申请', 'colorType': 'default', 'cssClass': ''}, {'dictType': 'contract_type', 'value': '1', 'label': '待初审', 'colorType': 'warning', 'cssClass': ''}, {'dictType': 'contract_type', 'value': '3', 'label': '被拒绝', 'colorType': 'danger', 'cssClass': ''}, {'dictType': 'contract_type', 'value': '4', 'label': '已取消', 'colorType': 'info', 'cssClass': ''}, {'dictType': 'contract_type', 'value': '5', 'label': '待复审', 'colorType': 'warning', 'cssClass': ''}, {'dictType': 'contract_type', 'value': '6', 'label': '待发送协议模板', 'colorType': 'warning', 'cssClass': ''}, {'dictType': 'contract_type', 'value': '7', 'label': '待收到协议', 'colorType': 'warning', 'cssClass': ''}, {'dictType': 'contract_type', 'value': '8', 'label': '协议已签订成功', 'colorType': 'success', 'cssClass': ''}, {'dictType': 'contract_type', 'value': '9', 'label': '作废', 'colorType': 'info', 'cssClass': ''}, {'dictType': 'cooperation_activation_type', 'value': '1', 'label': '合同签约', 'colorType': 'default', 'cssClass': ''}, {'dictType': 'cooperation_activation_type', 'value': '2', 'label': '机构管理员配置', 'colorType': 'default', 'cssClass': ''}, {'dictType': 'cooperation_activation_type', 'value': '3', 'label': '超级管理员配置', 'colorType': 'default', 'cssClass': ''}, {'dictType': 'cost_type', 'value': '0', 'label': '会诊账单', 'colorType': 'default', 'cssClass': ''}, {'dictType': 'cost_type', 'value': '1', 'label': '输入账单', 'colorType': 'default', 'cssClass': ''}, {'dictType': 'crm_product_status', 'value': '0', 'label': '下架', 'colorType': 'success', 'cssClass': ''}, {'dictType': 'crm_product_status', 'value': '1', 'label': '上架', 'colorType': 'success', 'cssClass': ''}, {'dictType': 'device_status', 'value': '0', 'label': '正常', 'colorType': 'success', 'cssClass': ''}, {'dictType': 'device_status', 'value': '1', 'label': '停用', 'colorType': 'warning', 'cssClass': ''}, {'dictType': 'doc_template_type', 'value': '1', 'label': '会诊文书', 'colorType': 'default', 'cssClass': ''}, {'dictType': 'hospital_level', 'value': '1', 'label': '三甲', 'colorType': 'default', 'cssClass': ''}, {'dictType': 'hospital_level', 'value': '2', 'label': '三乙', 'colorType': 'default', 'cssClass': ''}, {'dictType': 'hospital_nature', 'value': '1', 'label': '公立医院', 'colorType': 'default', 'cssClass': ''}, {'dictType': 'hospital_nature', 'value': '2', 'label': '私立医院', 'colorType': 'default', 'cssClass': ''}, {'dictType': 'hospital_sort', 'value': '1', 'label': '综合医院', 'colorType': 'default', 'cssClass': ''}, {'dictType': 'infra_api_error_log_process_status', 'value': '0', 'label': '未处理', 'colorType': 'primary', 'cssClass': ''}, {'dictType': 'infra_api_error_log_process_status', 'value': '1', 'label': '已处理', 'colorType': 'success', 'cssClass': ''}, {'dictType': 'infra_api_error_log_process_status', 'value': '2', 'label': '已忽略', 'colorType': 'danger', 'cssClass': ''}, {'dictType': 'infra_boolean_string', 'value': 'true', 'label': '是', 'colorType': 'danger', 'cssClass': ''}, {'dictType': 'infra_boolean_string', 'value': 'false', 'label': '否', 'colorType': 'info', 'cssClass': ''}, {'dictType': 'infra_codegen_front_type', 'value': '10', 'label': 'Vue2 Element UI 标准模版', 'colorType': '', 'cssClass': ''}, {'dictType': 'infra_codegen_front_type', 'value': '20', 'label': 'Vue3 Element Plus 标准模版', 'colorType': '', 'cssClass': ''}, {'dictType': 'infra_codegen_front_type', 'value': '21', 'label': 'Vue3 Element Plus Schema 模版', 'colorType': '', 'cssClass': ''}, {'dictType': 'infra_codegen_front_type', 'value': '30', 'label': 'Vue3 vben 模版', 'colorType': '', 'cssClass': ''}, {'dictType': 'infra_codegen_scene', 'value': '1', 'label': '管理后台', 'colorType': '', 'cssClass': ''}, {'dictType': 'infra_codegen_scene', 'value': '2', 'label': '用户 APP', 'colorType': '', 'cssClass': ''}, {'dictType': 'infra_codegen_template_type', 'value': '1', 'label': '单表（增删改查）', 'colorType': '', 'cssClass': ''}, {'dictType': 'infra_codegen_template_type', 'value': '2', 'label': '树表（增删改查）', 'colorType': '', 'cssClass': ''}, {'dictType': 'infra_codegen_template_type', 'value': '10', 'label': '主表（标准模式）', 'colorType': 'default', 'cssClass': ''}, {'dictType': 'infra_codegen_template_type', 'value': '11', 'label': '主表（ERP 模式）', 'colorType': 'default', 'cssClass': ''}, {'dictType': 'infra_codegen_template_type', 'value': '12', 'label': '主表（内嵌模式）', 'colorType': '', 'cssClass': ''}, {'dictType': 'infra_codegen_template_type', 'value': '15', 'label': '子表', 'colorType': 'default', 'cssClass': ''}, {'dictType': 'infra_config_type', 'value': '1', 'label': '系统内置', 'colorType': 'danger', 'cssClass': ''}, {'dictType': 'infra_config_type', 'value': '2', 'label': '自定义', 'colorType': 'primary', 'cssClass': ''}, {'dictType': 'infra_file_storage', 'value': '1', 'label': '数据库', 'colorType': 'default', 'cssClass': ''}, {'dictType': 'infra_file_storage', 'value': '10', 'label': '本地磁盘', 'colorType': 'default', 'cssClass': ''}, {'dictType': 'infra_file_storage', 'value': '11', 'label': 'FTP 服务器', 'colorType': 'default', 'cssClass': ''}, {'dictType': 'infra_file_storage', 'value': '12', 'label': 'SFTP 服务器', 'colorType': 'default', 'cssClass': ''}, {'dictType': 'infra_file_storage', 'value': '20', 'label': 'S3 对象存储', 'colorType': 'default', 'cssClass': ''}, {'dictType': 'infra_job_log_status', 'value': '0', 'label': '运行中', 'colorType': 'primary', 'cssClass': ''}, {'dictType': 'infra_job_log_status', 'value': '1', 'label': '成功', 'colorType': 'success', 'cssClass': ''}, {'dictType': 'infra_job_log_status', 'value': '2', 'label': '失败', 'colorType': 'warning', 'cssClass': ''}, {'dictType': 'infra_job_status', 'value': '0', 'label': '初始化中', 'colorType': 'primary', 'cssClass': ''}, {'dictType': 'infra_job_status', 'value': '1', 'label': '正常', 'colorType': 'success', 'cssClass': ''}, {'dictType': 'infra_job_status', 'value': '2', 'label': '暂停', 'colorType': 'danger', 'cssClass': ''}, {'dictType': 'input_type', 'value': '1', 'label': '输入账单', 'colorType': 'default', 'cssClass': ''}, {'dictType': 'input_type', 'value': '0', 'label': '会诊账单', 'colorType': 'default', 'cssClass': ''}, {'dictType': 'institution_audit_status', 'value': '3', 'label': '全部', 'colorType': 'default', 'cssClass': ''}, {'dictType': 'institution_audit_status', 'value': '0', 'label': '待审核', 'colorType': 'default', 'cssClass': ''}, {'dictType': 'institution_audit_status', 'value': '2', 'label': '已驳回', 'colorType': 'default', 'cssClass': ''}, {'dictType': 'institution_audit_status', 'value': '1', 'label': '已通过', 'colorType': 'default', 'cssClass': ''}, {'dictType': 'insufficient_balance_notification', 'value': '1', 'label': '短信通知', 'colorType': 'default', 'cssClass': ''}, {'dictType': 'insufficient_balance_notification', 'value': '2', 'label': '系统通知', 'colorType': 'default', 'cssClass': ''}, {'dictType': 'mdt_doc_confirm_time_status', 'value': '0', 'label': '未确认', 'colorType': 'default', 'cssClass': ''}, {'dictType': 'mdt_doc_confirm_time_status', 'value': '1', 'label': '已同意', 'colorType': 'default', 'cssClass': ''}, {'dictType': 'mdt_doc_confirm_time_status', 'value': '2', 'label': '已拒绝', 'colorType': 'default', 'cssClass': ''}, {'dictType': 'mdt_file_type', 'value': '1', 'label': '院外化验报告', 'colorType': 'default', 'cssClass': ''}, {'dictType': 'mdt_file_type', 'value': '2', 'label': '出入院记录', 'colorType': 'default', 'cssClass': ''}, {'dictType': 'mdt_file_type', 'value': '3', 'label': '院外检查报告', 'colorType': 'default', 'cssClass': ''}, {'dictType': 'mdt_file_type', 'value': '4', 'label': '院内资料', 'colorType': 'default', 'cssClass': ''}, {'dictType': 'mdt_file_type', 'value': '5', 'label': '院外影像学资料', 'colorType': 'default', 'cssClass': ''}, {'dictType': 'mdt_file_type', 'value': '10', 'label': '其他资料', 'colorType': 'default', 'cssClass': ''}, {'dictType': 'mdt_patient_question_type', 'value': '1', 'label': '患者主诉', 'colorType': 'default', 'cssClass': ''}, {'dictType': 'mdt_patient_question_type', 'value': '2', 'label': '现病史', 'colorType': 'default', 'cssClass': ''}, {'dictType': 'mdt_patient_question_type', 'value': '3', 'label': '既往史', 'colorType': 'default', 'cssClass': ''}, {'dictType': 'mdt_patient_question_type', 'value': '4', 'label': '过敏史', 'colorType': 'default', 'cssClass': ''}, {'dictType': 'mdt_patient_question_type', 'value': '5', 'label': '个人史', 'colorType': 'default', 'cssClass': ''}, {'dictType': 'mdt_patient_question_type', 'value': '6', 'label': '家族史', 'colorType': 'default', 'cssClass': ''}, {'dictType': 'mdt_status', 'value': '1', 'label': '待患者补充', 'colorType': 'warning', 'cssClass': ''}, {'dictType': 'mdt_status', 'value': '2', 'label': '已会诊', 'colorType': 'success', 'cssClass': ''}, {'dictType': 'mdt_status', 'value': '3', 'label': '待提交', 'colorType': 'warning', 'cssClass': ''}, {'dictType': 'mdt_status', 'value': '4', 'label': '已取消', 'colorType': 'info', 'cssClass': ''}, {'dictType': 'mdt_status', 'value': '5', 'label': '待安排', 'colorType': 'warning', 'cssClass': ''}, {'dictType': 'mdt_status', 'value': '6', 'label': '待确认', 'colorType': 'warning', 'cssClass': ''}, {'dictType': 'mdt_status', 'value': '10', 'label': '待会诊', 'colorType': 'primary', 'cssClass': ''}, {'dictType': 'mdt_status', 'value': '11', 'label': '待审核', 'colorType': 'warning', 'cssClass': ''}, {'dictType': 'mdt_status', 'value': '20', 'label': '会诊中', 'colorType': 'primary', 'cssClass': ''}, {'dictType': 'mdt_status', 'value': '30', 'label': '已结束', 'colorType': 'success', 'cssClass': ''}, {'dictType': 'medical_examiner_status', 'value': '1', 'label': '本人及家属', 'colorType': 'default', 'cssClass': ''}, {'dictType': 'mp_auto_reply_request_match', 'value': '1', 'label': '完全匹配', 'colorType': 'primary', 'cssClass': ''}, {'dictType': 'mp_auto_reply_request_match', 'value': '2', 'label': '半匹配', 'colorType': 'success', 'cssClass': ''}, {'dictType': 'mp_message_type', 'value': 'text', 'label': '文本', 'colorType': 'default', 'cssClass': ''}, {'dictType': 'mp_message_type', 'value': 'image', 'label': '图片', 'colorType': 'default', 'cssClass': ''}, {'dictType': 'mp_message_type', 'value': 'voice', 'label': '语音', 'colorType': 'default', 'cssClass': ''}, {'dictType': 'mp_message_type', 'value': 'video', 'label': '视频', 'colorType': 'default', 'cssClass': ''}, {'dictType': 'mp_message_type', 'value': 'shortvideo', 'label': '小视频', 'colorType': 'default', 'cssClass': ''}, {'dictType': 'mp_message_type', 'value': 'news', 'label': '图文', 'colorType': 'default', 'cssClass': ''}, {'dictType': 'mp_message_type', 'value': 'music', 'label': '音乐', 'colorType': 'default', 'cssClass': ''}, {'dictType': 'mp_message_type', 'value': 'location', 'label': '地理位置', 'colorType': 'default', 'cssClass': ''}, {'dictType': 'mp_message_type', 'value': 'link', 'label': '链接', 'colorType': 'default', 'cssClass': ''}, {'dictType': 'mp_message_type', 'value': 'event', 'label': '事件', 'colorType': 'default', 'cssClass': ''}, {'dictType': 'notify_method', 'value': '1', 'label': '站内消息通知', 'colorType': 'default', 'cssClass': ''}, {'dictType': 'notify_method', 'value': '2', 'label': '短信通知', 'colorType': 'default', 'cssClass': ''}, {'dictType': 'os_type', 'value': '1', 'label': 'Windows', 'colorType': 'default', 'cssClass': ''}, {'dictType': 'os_type', 'value': '2', 'label': 'Linux', 'colorType': 'default', 'cssClass': ''}, {'dictType': 'os_type', 'value': '3', 'label': 'MacOS', 'colorType': 'default', 'cssClass': ''}, {'dictType': 'os_type', 'value': '4', 'label': 'iOS', 'colorType': 'default', 'cssClass': ''}, {'dictType': 'os_type', 'value': '5', 'label': 'Android', 'colorType': 'default', 'cssClass': ''}, {'dictType': 'os_type', 'value': '6', 'label': 'Harmonyos', 'colorType': 'default', 'cssClass': ''}, {'dictType': 'protocol_type', 'value': '1', 'label': '二方民营', 'colorType': 'default', 'cssClass': ''}, {'dictType': 'protocol_type', 'value': '2', 'label': '二方公立', 'colorType': 'default', 'cssClass': ''}, {'dictType': 'protocol_type', 'value': '3', 'label': '三方协议', 'colorType': 'default', 'cssClass': ''}, {'dictType': 'referral_emerg_status', 'value': '1', 'label': '审批中', 'colorType': 'warning', 'cssClass': ''}, {'dictType': 'referral_emerg_status', 'value': '2', 'label': '已到达', 'colorType': 'success', 'cssClass': ''}, {'dictType': 'referral_emerg_status', 'value': '3', 'label': '被拒绝', 'colorType': 'danger', 'cssClass': ''}, {'dictType': 'referral_emerg_status', 'value': '4', 'label': '已取消', 'colorType': 'info', 'cssClass': ''}, {'dictType': 'referral_emerg_status', 'value': '10', 'label': '待审核', 'colorType': 'warning', 'cssClass': ''}, {'dictType': 'referral_emerg_status', 'value': '11', 'label': '待专科审核', 'colorType': 'warning', 'cssClass': ''}, {'dictType': 'referral_emerg_status', 'value': '12', 'label': '待复审', 'colorType': 'warning', 'cssClass': ''}, {'dictType': 'referral_emerg_status', 'value': '20', 'label': '待出发', 'colorType': 'primary', 'cssClass': ''}, {'dictType': 'referral_emerg_status', 'value': '30', 'label': '转运中', 'colorType': 'primary', 'cssClass': ''}, {'dictType': 'referral_normal_status', 'value': '1', 'label': '审批中', 'colorType': 'primary', 'cssClass': ''}, {'dictType': 'referral_normal_status', 'value': '2', 'label': '已到达', 'colorType': 'success', 'cssClass': ''}, {'dictType': 'referral_normal_status', 'value': '3', 'label': '被拒绝', 'colorType': 'danger', 'cssClass': ''}, {'dictType': 'referral_normal_status', 'value': '4', 'label': '已取消', 'colorType': 'info', 'cssClass': ''}, {'dictType': 'referral_normal_status', 'value': '20', 'label': '待出发', 'colorType': 'primary', 'cssClass': ''}, {'dictType': 'referral_normal_status', 'value': '30', 'label': '转运中', 'colorType': 'success', 'cssClass': ''}, {'dictType': 'referral_type', 'value': '1', 'label': '上转', 'colorType': 'default', 'cssClass': ''}, {'dictType': 'referral_type', 'value': '2', 'label': '下转', 'colorType': 'default', 'cssClass': ''}, {'dictType': 'system_arch_type', 'value': '1', 'label': '64Bit', 'colorType': 'default', 'cssClass': ''}, {'dictType': 'system_arch_type', 'value': '2', 'label': '32Bit', 'colorType': 'default', 'cssClass': ''}, {'dictType': 'system_certificate_level', 'value': '1', 'label': '普通', 'colorType': 'default', 'cssClass': ''}, {'dictType': 'system_certificate_type', 'value': '1', 'label': '身份证', 'colorType': 'default', 'cssClass': ''}, {'dictType': 'system_certificate_type', 'value': '2', 'label': '住院卡', 'colorType': 'default', 'cssClass': ''}, {'dictType': 'system_data_scope', 'value': '1', 'label': '全部数据权限', 'colorType': '', 'cssClass': ''}, {'dictType': 'system_data_scope', 'value': '2', 'label': '本部门及指定部门数据权限', 'colorType': '', 'cssClass': ''}, {'dictType': 'system_data_scope', 'value': '3', 'label': '仅本部门数据权限', 'colorType': '', 'cssClass': ''}, {'dictType': 'system_data_scope', 'value': '4', 'label': '本部门及以下部门数据权限', 'colorType': '', 'cssClass': ''}, {'dictType': 'system_data_scope', 'value': '5', 'label': '仅本人数据权限', 'colorType': '', 'cssClass': ''}, {'dictType': 'system_error_code_type', 'value': '1', 'label': '自动生成', 'colorType': 'warning', 'cssClass': ''}, {'dictType': 'system_error_code_type', 'value': '2', 'label': '手动编辑', 'colorType': 'primary', 'cssClass': ''}, {'dictType': 'system_ip_type', 'value': '0', 'label': 'ipv4', 'colorType': 'default', 'cssClass': ''}, {'dictType': 'system_ip_type', 'value': '1', 'label': 'ipv6', 'colorType': 'default', 'cssClass': ''}, {'dictType': 'system_login_result', 'value': '0', 'label': '成功', 'colorType': 'success', 'cssClass': ''}, {'dictType': 'system_login_result', 'value': '10', 'label': '账号或密码不正确', 'colorType': 'primary', 'cssClass': ''}, {'dictType': 'system_login_result', 'value': '20', 'label': '用户被禁用', 'colorType': 'warning', 'cssClass': ''}, {'dictType': 'system_login_result', 'value': '30', 'label': '验证码不存在', 'colorType': 'info', 'cssClass': ''}, {'dictType': 'system_login_result', 'value': '31', 'label': '验证码不正确', 'colorType': 'info', 'cssClass': ''}, {'dictType': 'system_login_result', 'value': '100', 'label': '未知异常', 'colorType': 'danger', 'cssClass': ''}, {'dictType': 'system_login_type', 'value': '100', 'label': '账号登录', 'colorType': 'primary', 'cssClass': ''}, {'dictType': 'system_login_type', 'value': '101', 'label': '社交登录', 'colorType': 'info', 'cssClass': ''}, {'dictType': 'system_login_type', 'value': '103', 'label': '短信登录', 'colorType': 'success', 'cssClass': ''}, {'dictType': 'system_login_type', 'value': '200', 'label': '主动登出', 'colorType': 'primary', 'cssClass': ''}, {'dictType': 'system_login_type', 'value': '202', 'label': '强制登出', 'colorType': 'danger', 'cssClass': ''}, {'dictType': 'system_mail_send_status', 'value': '0', 'label': '初始化', 'colorType': 'primary', 'cssClass': ''}, {'dictType': 'system_mail_send_status', 'value': '10', 'label': '发送成功', 'colorType': 'success', 'cssClass': ''}, {'dictType': 'system_mail_send_status', 'value': '20', 'label': '发送失败', 'colorType': 'danger', 'cssClass': ''}, {'dictType': 'system_mail_send_status', 'value': '30', 'label': '不发送', 'colorType': 'info', 'cssClass': ''}, {'dictType': 'system_menu_type', 'value': '1', 'label': '目录', 'colorType': '', 'cssClass': ''}, {'dictType': 'system_menu_type', 'value': '2', 'label': '菜单', 'colorType': '', 'cssClass': ''}, {'dictType': 'system_menu_type', 'value': '3', 'label': '按钮', 'colorType': '', 'cssClass': ''}, {'dictType': 'system_nation', 'value': '1', 'label': '汉族', 'colorType': 'default', 'cssClass': ''}, {'dictType': 'system_notice_style_type', 'value': 'success', 'label': '成功', 'colorType': 'success', 'cssClass': ''}, {'dictType': 'system_notice_style_type', 'value': 'warning', 'label': '警告', 'colorType': 'warning', 'cssClass': ''}, {'dictType': 'system_notice_style_type', 'value': 'info', 'label': '消息', 'colorType': 'info', 'cssClass': ''}, {'dictType': 'system_notice_style_type', 'value': 'error', 'label': '错误', 'colorType': 'danger', 'cssClass': ''}, {'dictType': 'system_notice_type', 'value': '1', 'label': '通知', 'colorType': 'success', 'cssClass': ''}, {'dictType': 'system_notice_type', 'value': '2', 'label': '公告', 'colorType': 'info', 'cssClass': ''}, {'dictType': 'system_notify_template_type', 'value': '1', 'label': '通知公告', 'colorType': 'primary', 'cssClass': ''}, {'dictType': 'system_notify_template_type', 'value': '2', 'label': '系统消息', 'colorType': 'success', 'cssClass': ''}, {'dictType': 'system_notify_template_type', 'value': '3', 'label': '流程通知', 'colorType': 'primary', 'cssClass': ''}, {'dictType': 'system_oauth2_grant_type', 'value': 'password', 'label': 'password', 'colorType': 'default', 'cssClass': ''}, {'dictType': 'system_oauth2_grant_type', 'value': 'authorization_code', 'label': 'authorization_code', 'colorType': 'primary', 'cssClass': ''}, {'dictType': 'system_oauth2_grant_type', 'value': 'implicit', 'label': 'implicit', 'colorType': 'success', 'cssClass': ''}, {'dictType': 'system_oauth2_grant_type', 'value': 'client_credentials', 'label': 'client_credentials', 'colorType': 'default', 'cssClass': ''}, {'dictType': 'system_oauth2_grant_type', 'value': 'refresh_token', 'label': 'refresh_token', 'colorType': 'info', 'cssClass': ''}, {'dictType': 'system_operate_type', 'value': '0', 'label': '其它', 'colorType': 'default', 'cssClass': ''}, {'dictType': 'system_operate_type', 'value': '1', 'label': '查询', 'colorType': 'info', 'cssClass': ''}, {'dictType': 'system_operate_type', 'value': '2', 'label': '新增', 'colorType': 'primary', 'cssClass': ''}, {'dictType': 'system_operate_type', 'value': '3', 'label': '修改', 'colorType': 'warning', 'cssClass': ''}, {'dictType': 'system_operate_type', 'value': '4', 'label': '删除', 'colorType': 'danger', 'cssClass': ''}, {'dictType': 'system_operate_type', 'value': '5', 'label': '导出', 'colorType': 'default', 'cssClass': ''}, {'dictType': 'system_operate_type', 'value': '6', 'label': '导入', 'colorType': 'default', 'cssClass': ''}, {'dictType': 'system_provider_type', 'value': '1', 'label': '电信', 'colorType': 'default', 'cssClass': ''}, {'dictType': 'system_provider_type', 'value': '3', 'label': '联通', 'colorType': 'default', 'cssClass': ''}, {'dictType': 'system_provider_type', 'value': '2', 'label': '移动', 'colorType': 'default', 'cssClass': ''}, {'dictType': 'system_provider_type', 'value': '4', 'label': '广电', 'colorType': 'default', 'cssClass': ''}, {'dictType': 'system_provider_type', 'value': '0', 'label': '未知', 'colorType': 'default', 'cssClass': ''}, {'dictType': 'system_role_public', 'value': 'false', 'label': '非公开', 'colorType': 'warning', 'cssClass': ''}, {'dictType': 'system_role_public', 'value': 'true', 'label': '公开', 'colorType': 'success', 'cssClass': ''}, {'dictType': 'system_role_type', 'value': '1', 'label': '内置', 'colorType': 'danger', 'cssClass': ''}, {'dictType': 'system_role_type', 'value': '3', 'label': '基础', 'colorType': 'warning', 'cssClass': ''}, {'dictType': 'system_role_type', 'value': '2', 'label': '自定义', 'colorType': 'primary', 'cssClass': ''}, {'dictType': 'system_sms_channel_code', 'value': 'DEBUG_DING_TALK', 'label': '调试(钉钉)', 'colorType': 'info', 'cssClass': ''}, {'dictType': 'system_sms_channel_code', 'value': 'ALIYUN', 'label': '阿里云', 'colorType': 'primary', 'cssClass': ''}, {'dictType': 'system_sms_receive_status', 'value': '0', 'label': '等待结果', 'colorType': 'primary', 'cssClass': ''}, {'dictType': 'system_sms_receive_status', 'value': '10', 'label': '接收成功', 'colorType': 'success', 'cssClass': ''}, {'dictType': 'system_sms_receive_status', 'value': '20', 'label': '接收失败', 'colorType': 'danger', 'cssClass': ''}, {'dictType': 'system_sms_send_status', 'value': '0', 'label': '初始化', 'colorType': 'primary', 'cssClass': ''}, {'dictType': 'system_sms_send_status', 'value': '10', 'label': '发送成功', 'colorType': 'success', 'cssClass': ''}, {'dictType': 'system_sms_send_status', 'value': '20', 'label': '发送失败', 'colorType': 'danger', 'cssClass': ''}, {'dictType': 'system_sms_send_status', 'value': '30', 'label': '不发送', 'colorType': 'info', 'cssClass': ''}, {'dictType': 'system_sms_template_type', 'value': '1', 'label': '验证码', 'colorType': 'warning', 'cssClass': ''}, {'dictType': 'system_sms_template_type', 'value': '2', 'label': '通知', 'colorType': 'primary', 'cssClass': ''}, {'dictType': 'system_social_type', 'value': '10', 'label': 'Gitee', 'colorType': '', 'cssClass': ''}, {'dictType': 'system_social_type', 'value': '20', 'label': '钉钉', 'colorType': '', 'cssClass': ''}, {'dictType': 'system_social_type', 'value': '30', 'label': '企业微信', 'colorType': '', 'cssClass': ''}, {'dictType': 'system_social_type', 'value': '31', 'label': '微信公众平台', 'colorType': '', 'cssClass': ''}, {'dictType': 'system_social_type', 'value': '32', 'label': '微信开放平台', 'colorType': '', 'cssClass': ''}, {'dictType': 'system_social_type', 'value': '34', 'label': '微信小程序', 'colorType': '', 'cssClass': ''}, {'dictType': 'system_user_sex', 'value': '1', 'label': '男', 'colorType': 'default', 'cssClass': 'A'}, {'dictType': 'system_user_sex', 'value': '2', 'label': '女', 'colorType': 'success', 'cssClass': ''}, {'dictType': 'tenant_sign_source', 'value': '2', 'label': '管理员配置', 'colorType': 'danger', 'cssClass': ''}, {'dictType': 'tenant_sign_source', 'value': '1', 'label': '合同签约', 'colorType': 'primary', 'cssClass': ''}, {'dictType': 'terminal', 'value': '10', 'label': '微信小程序', 'colorType': 'default', 'cssClass': ''}, {'dictType': 'terminal', 'value': '11', 'label': '微信公众号', 'colorType': 'default', 'cssClass': ''}, {'dictType': 'terminal', 'value': '20', 'label': 'H5 网页', 'colorType': 'default', 'cssClass': ''}, {'dictType': 'terminal', 'value': '31', 'label': '苹果 App', 'colorType': 'default', 'cssClass': ''}, {'dictType': 'terminal', 'value': '32', 'label': '安卓 App', 'colorType': 'default', 'cssClass': ''}, {'dictType': 'transfer_mode', 'value': '1', 'label': '救护车', 'colorType': 'default', 'cssClass': ''}, {'dictType': 'transfer_mode', 'value': '2', 'label': '患者自行前往', 'colorType': 'default', 'cssClass': ''}, {'dictType': 'user_default_type', 'value': '0', 'label': '自定义', 'colorType': 'success', 'cssClass': ''}, {'dictType': 'user_default_type', 'value': '1', 'label': '内置', 'colorType': 'danger', 'cssClass': ''}, {'dictType': 'user_type', 'value': '1', 'label': '会员', 'colorType': 'primary', 'cssClass': ''}, {'dictType': 'user_type', 'value': '2', 'label': '管理员', 'colorType': 'success', 'cssClass': ''}]
2025-08-06 15:43:00,395 - automation_logger - INFO - --- 开始执行登录操作 (Session级别Fixture) ---
2025-08-06 15:43:00,396 - automation_logger - INFO - 开始请求获取短信验证码，手机号: 19981927939
2025-08-06 15:43:00,545 - automation_logger - INFO - 获取验证码接口调用失败: {'code': 1002014005, 'data': None, 'msg': '短信发送过于频繁'}
2025-08-06 16:03:55,216 - automation_logger - INFO - --- 开始执行登录操作 (Session级别Fixture) ---
2025-08-06 16:03:55,219 - automation_logger - INFO - 开始请求获取短信验证码，手机号: 19981927939
2025-08-06 16:03:55,376 - automation_logger - INFO - 成功触发服务器生成验证码状态。
2025-08-06 16:03:55,377 - automation_logger - INFO - 开始使用手机号码和短信验证码登录，URL: https://192.168.0.101/admin-api/system/auth/sms-login,手机号为：19981927939
2025-08-06 16:03:55,579 - automation_logger - INFO - 登录成功，已经取到token
2025-08-06 16:03:55,580 - automation_logger - INFO - --- 登录成功，Token已准备就绪 ---
2025-08-06 16:03:55,583 - automation_logger - INFO - 开始请求获取字典列表数据，URL:https://192.168.0.101/admin-api/system/dict-data/list-all-simple
2025-08-06 16:03:55,694 - automation_logger - INFO - 请求成功，状态码：200,data数据内容为：[{'dictType': 'account_pay_method', 'value': '1', 'label': '银行转账', 'colorType': 'default', 'cssClass': ''}, {'dictType': 'account_pay_method', 'value': '2', 'label': '现金', 'colorType': 'default', 'cssClass': ''}, {'dictType': 'account_pay_method', 'value': '3', 'label': '余额', 'colorType': 'default', 'cssClass': ''}, {'dictType': 'account_tenant_type', 'value': '0', 'label': '全部', 'colorType': 'default', 'cssClass': ''}, {'dictType': 'account_tenant_type', 'value': '1', 'label': '服务收入', 'colorType': 'default', 'cssClass': ''}, {'dictType': 'account_tenant_type', 'value': '2', 'label': '服务支出', 'colorType': 'default', 'cssClass': ''}, {'dictType': 'account_transaction_type', 'value': '1', 'label': '充值', 'colorType': 'default', 'cssClass': ''}, {'dictType': 'account_transaction_type', 'value': '2', 'label': '预扣费', 'colorType': 'default', 'cssClass': ''}, {'dictType': 'account_transaction_type', 'value': '3', 'label': '预扣费解冻', 'colorType': 'default', 'cssClass': ''}, {'dictType': 'account_transaction_type', 'value': '4', 'label': '结算扣费', 'colorType': 'default', 'cssClass': ''}, {'dictType': 'account_transaction_type', 'value': '5', 'label': '退费', 'colorType': 'default', 'cssClass': ''}, {'dictType': 'account_transaction_type', 'value': '6', 'label': '手动调增', 'colorType': 'default', 'cssClass': ''}, {'dictType': 'account_transaction_type', 'value': '7', 'label': '手动调减', 'colorType': 'default', 'cssClass': ''}, {'dictType': 'administrative_level', 'value': '1', 'label': '省部级', 'colorType': 'default', 'cssClass': ''}, {'dictType': 'administrative_level', 'value': '2', 'label': '地市级', 'colorType': 'default', 'cssClass': ''}, {'dictType': 'administrative_level', 'value': '3', 'label': '区县级', 'colorType': 'default', 'cssClass': ''}, {'dictType': 'announcement_news_type', 'value': '1', 'label': '首页', 'colorType': 'default', 'cssClass': ''}, {'dictType': 'announcement_news_type', 'value': '2', 'label': '6大业务大类', 'colorType': 'default', 'cssClass': ''}, {'dictType': 'basic_service_activation_modes', 'value': '1', 'label': '合同签约', 'colorType': 'primary', 'cssClass': ''}, {'dictType': 'basic_service_activation_modes', 'value': '2', 'label': '中心租户管理员配置', 'colorType': 'primary', 'cssClass': ''}, {'dictType': 'basic_service_activation_modes', 'value': '3', 'label': '超级管理员配置', 'colorType': 'primary', 'cssClass': ''}, {'dictType': 'basic_service_built_in_type', 'value': '1', 'label': '内置', 'colorType': 'danger', 'cssClass': ''}, {'dictType': 'basic_service_built_in_type', 'value': '2', 'label': '可配置', 'colorType': 'primary', 'cssClass': ''}, {'dictType': 'bpm_model_category', 'value': '0', 'label': '普通全流程', 'colorType': 'primary', 'cssClass': ''}, {'dictType': 'bpm_model_category', 'value': '1', 'label': '接收方流程', 'colorType': 'success', 'cssClass': ''}, {'dictType': 'bpm_model_category', 'value': '2', 'label': '发起方流程', 'colorType': 'success', 'cssClass': ''}, {'dictType': 'bpm_model_form_type', 'value': '0', 'label': '仅基础表单', 'colorType': 'default', 'cssClass': ''}, {'dictType': 'bpm_model_form_type', 'value': '10', 'label': '基础表单+自定义表单', 'colorType': 'default', 'cssClass': ''}, {'dictType': 'bpm_model_form_type', 'value': '20', 'label': '特殊定制表单', 'colorType': 'default', 'cssClass': ''}, {'dictType': 'bpm_oa_leave_type', 'value': '1', 'label': '病假', 'colorType': 'primary', 'cssClass': ''}, {'dictType': 'bpm_oa_leave_type', 'value': '2', 'label': '事假', 'colorType': 'info', 'cssClass': ''}, {'dictType': 'bpm_oa_leave_type', 'value': '3', 'label': '婚假', 'colorType': 'warning', 'cssClass': ''}, {'dictType': 'bpm_process_instance_result', 'value': '1', 'label': '处理中', 'colorType': 'primary', 'cssClass': ''}, {'dictType': 'bpm_process_instance_result', 'value': '2', 'label': '已结束', 'colorType': 'success', 'cssClass': ''}, {'dictType': 'bpm_process_instance_result', 'value': '3', 'label': '不通过', 'colorType': 'danger', 'cssClass': ''}, {'dictType': 'bpm_process_instance_result', 'value': '4', 'label': '已取消', 'colorType': 'info', 'cssClass': ''}, {'dictType': 'bpm_process_instance_status', 'value': '1', 'label': '进行中', 'colorType': 'primary', 'cssClass': ''}, {'dictType': 'bpm_process_instance_status', 'value': '2', 'label': '已完成', 'colorType': 'success', 'cssClass': ''}, {'dictType': 'bpm_task_assign_rule_type', 'value': '10', 'label': '角色', 'colorType': 'info', 'cssClass': ''}, {'dictType': 'bpm_task_assign_rule_type', 'value': '20', 'label': '部门成员', 'colorType': 'primary', 'cssClass': ''}, {'dictType': 'bpm_task_assign_rule_type', 'value': '22', 'label': '岗位', 'colorType': 'success', 'cssClass': ''}, {'dictType': 'bpm_task_assign_rule_type', 'value': '30', 'label': '用户', 'colorType': 'info', 'cssClass': ''}, {'dictType': 'bpm_task_assign_rule_type', 'value': '50', 'label': '特殊类型', 'colorType': 'info', 'cssClass': ''}, {'dictType': 'bpm_task_assign_script', 'value': '10', 'label': '流程发起人', 'colorType': 'primary', 'cssClass': ''}, {'dictType': 'bpm_task_assign_script', 'value': '31', 'label': '邀请方会诊管理员', 'colorType': 'primary', 'cssClass': ''}, {'dictType': 'bpm_task_assign_script', 'value': '40', 'label': '所有受邀医生', 'colorType': 'primary', 'cssClass': ''}, {'dictType': 'bpm_task_assign_script', 'value': '41', 'label': '邀请方会诊医生', 'colorType': 'primary', 'cssClass': ''}, {'dictType': 'bpm_task_assign_script', 'value': '50', 'label': '所有会诊相关人员', 'colorType': 'primary', 'cssClass': ''}, {'dictType': 'bpm_task_assign_script', 'value': '60', 'label': '受邀方会诊患者', 'colorType': 'primary', 'cssClass': ''}, {'dictType': 'bpm_task_type', 'value': '1', 'label': '待处理', 'colorType': 'warning', 'cssClass': ''}, {'dictType': 'bpm_task_type', 'value': '2', 'label': '待入会', 'colorType': 'success', 'cssClass': ''}, {'dictType': 'bpm_task_type', 'value': '3', 'label': '待安排', 'colorType': 'primary', 'cssClass': ''}, {'dictType': 'bpm_task_type', 'value': '4', 'label': '待确认', 'colorType': 'primary', 'cssClass': ''}, {'dictType': 'bpm_task_type', 'value': '10', 'label': '待填写', 'colorType': 'primary', 'cssClass': ''}, {'dictType': 'bpm_task_type', 'value': '20', 'label': '待接收', 'colorType': 'warning', 'cssClass': ''}, {'dictType': 'bpm_task_type', 'value': '21', 'label': '待签到', 'colorType': 'success', 'cssClass': ''}, {'dictType': 'bpm_task_type', 'value': '60', 'label': '待初审', 'colorType': 'warning', 'cssClass': ''}, {'dictType': 'bpm_task_type', 'value': '61', 'label': '待专科审核', 'colorType': 'warning', 'cssClass': ''}, {'dictType': 'bpm_task_type', 'value': '62', 'label': '待出发', 'colorType': 'primary', 'cssClass': ''}, {'dictType': 'bpm_task_type', 'value': '63', 'label': '待到达', 'colorType': 'success', 'cssClass': ''}, {'dictType': 'common_status', 'value': '0', 'label': '开启', 'colorType': 'primary', 'cssClass': ''}, {'dictType': 'common_status', 'value': '1', 'label': '关闭', 'colorType': 'info', 'cssClass': ''}, {'dictType': 'cons_belong_to', 'value': '1', 'label': '无', 'colorType': 'default', 'cssClass': ''}, {'dictType': 'cons_belong_to', 'value': '2', 'label': '复诊', 'colorType': 'default', 'cssClass': ''}, {'dictType': 'cons_belong_to', 'value': '3', 'label': '纠纷', 'colorType': 'default', 'cssClass': ''}, {'dictType': 'cons_conclusion_type', 'value': '1', 'label': '个人', 'colorType': 'default', 'cssClass': ''}, {'dictType': 'cons_conclusion_type', 'value': '2', 'label': '科室', 'colorType': 'default', 'cssClass': ''}, {'dictType': 'cons_doc_schedule_status', 'value': '0', 'label': '占用中', 'colorType': 'warning', 'cssClass': ''}, {'dictType': 'cons_doc_schedule_status', 'value': '1', 'label': '结束占用', 'colorType': 'success', 'cssClass': ''}, {'dictType': 'cons_document_type', 'value': '1', 'label': '会诊文书', 'colorType': 'success', 'cssClass': ''}, {'dictType': 'cons_document_type', 'value': '2', 'label': '补充文书', 'colorType': 'warning', 'cssClass': ''}, {'dictType': 'cons_document_type', 'value': '0', 'label': '未填写', 'colorType': 'info', 'cssClass': ''}, {'dictType': 'cons_file_type', 'value': '0', 'label': '检查报告', 'colorType': 'default', 'cssClass': ''}, {'dictType': 'cons_file_type', 'value': '1', 'label': '影像报告', 'colorType': 'default', 'cssClass': ''}, {'dictType': 'cons_inter_status', 'value': '0', 'label': '未提交', 'colorType': 'warning', 'cssClass': ''}, {'dictType': 'cons_inter_status', 'value': '1', 'label': '审批中', 'colorType': 'warning', 'cssClass': ''}, {'dictType': 'cons_inter_status', 'value': '2', 'label': '已会诊', 'colorType': 'success', 'cssClass': ''}, {'dictType': 'cons_inter_status', 'value': '3', 'label': '被拒绝', 'colorType': 'danger', 'cssClass': ''}, {'dictType': 'cons_inter_status', 'value': '4', 'label': '已取消', 'colorType': 'info', 'cssClass': ''}, {'dictType': 'cons_inter_status', 'value': '5', 'label': '待安排', 'colorType': 'warning', 'cssClass': ''}, {'dictType': 'cons_inter_status', 'value': '6', 'label': '待确认', 'colorType': 'primary', 'cssClass': ''}, {'dictType': 'cons_inter_status', 'value': '10', 'label': '待会诊', 'colorType': 'primary', 'cssClass': ''}, {'dictType': 'cons_inter_status', 'value': '20', 'label': '会诊中', 'colorType': 'primary', 'cssClass': ''}, {'dictType': 'cons_inter_status', 'value': '30', 'label': '已结束', 'colorType': 'info', 'cssClass': ''}, {'dictType': 'cons_intra_status', 'value': '1', 'label': '待接受', 'colorType': 'warning', 'cssClass': ''}, {'dictType': 'cons_intra_status', 'value': '2', 'label': '已会诊', 'colorType': 'success', 'cssClass': ''}, {'dictType': 'cons_intra_status', 'value': '3', 'label': '被拒绝', 'colorType': 'danger', 'cssClass': ''}, {'dictType': 'cons_intra_status', 'value': '4', 'label': '已取消', 'colorType': 'info', 'cssClass': ''}, {'dictType': 'cons_intra_status', 'value': '10', 'label': '待会诊', 'colorType': 'primary', 'cssClass': ''}, {'dictType': 'cons_intra_status', 'value': '6', 'label': '会诊中', 'colorType': 'primary', 'cssClass': ''}, {'dictType': 'cons_intra_status', 'value': '7', 'label': '已结束', 'colorType': 'success', 'cssClass': ''}, {'dictType': 'cons_is_mul_subject', 'value': '1', 'label': '单科', 'colorType': 'default', 'cssClass': ''}, {'dictType': 'cons_is_mul_subject', 'value': '2', 'label': '多科', 'colorType': 'default', 'cssClass': ''}, {'dictType': 'cons_medical_insurance_type', 'value': '1', 'label': '城镇职工基本医疗保险', 'colorType': 'default', 'cssClass': ''}, {'dictType': 'cons_medical_insurance_type', 'value': '2', 'label': '新农合医疗保险', 'colorType': 'default', 'cssClass': ''}, {'dictType': 'cons_medical_insurance_type', 'value': '3', 'label': '城镇居民基本医疗保险', 'colorType': 'default', 'cssClass': ''}, {'dictType': 'cons_medical_insurance_type', 'value': '4', 'label': '离休干部医疗保险', 'colorType': 'default', 'cssClass': ''}, {'dictType': 'cons_meetingroom_status', 'value': '0', 'label': '启用', 'colorType': 'primary', 'cssClass': ''}, {'dictType': 'cons_meetingroom_status', 'value': '1', 'label': '停用', 'colorType': 'danger', 'cssClass': ''}, {'dictType': 'cons_referral_quick_reply', 'value': '1', 'label': '会诊', 'colorType': 'default', 'cssClass': ''}, {'dictType': 'cons_referral_quick_reply', 'value': '2', 'label': '转诊', 'colorType': 'default', 'cssClass': ''}, {'dictType': 'cons_room_schedule_status', 'value': '0', 'label': '占用中', 'colorType': 'warning', 'cssClass': ''}, {'dictType': 'cons_room_schedule_status', 'value': '1', 'label': '占用结束', 'colorType': 'success', 'cssClass': ''}, {'dictType': 'cons_service_type', 'value': '1', 'label': '远程会诊', 'colorType': 'default', 'cssClass': ''}, {'dictType': 'cons_service_type', 'value': '10', 'label': '单科会诊', 'colorType': 'default', 'cssClass': ''}, {'dictType': 'cons_service_type', 'value': '11', 'label': '双科会诊', 'colorType': 'default', 'cssClass': ''}, {'dictType': 'cons_service_type', 'value': '12', 'label': '特需会诊', 'colorType': 'default', 'cssClass': ''}, {'dictType': 'cons_specialDisease_type', 'value': '1', 'label': '否', 'colorType': 'default', 'cssClass': ''}, {'dictType': 'cons_specialDisease_type', 'value': '2', 'label': '是', 'colorType': 'default', 'cssClass': ''}, {'dictType': 'cons_status', 'value': '1', 'label': '审批中', 'colorType': 'warning', 'cssClass': ''}, {'dictType': 'cons_status', 'value': '2', 'label': '已会诊', 'colorType': 'success', 'cssClass': ''}, {'dictType': 'cons_status', 'value': '3', 'label': '被拒绝', 'colorType': 'danger', 'cssClass': ''}, {'dictType': 'cons_status', 'value': '4', 'label': '已取消', 'colorType': 'info', 'cssClass': ''}, {'dictType': 'cons_status', 'value': '5', 'label': '待安排', 'colorType': 'warning', 'cssClass': ''}, {'dictType': 'cons_status', 'value': '6', 'label': '待确认', 'colorType': 'warning', 'cssClass': ''}, {'dictType': 'cons_status', 'value': '7', 'label': '待会诊', 'colorType': 'primary', 'cssClass': ''}, {'dictType': 'cons_status', 'value': '8', 'label': '会诊中', 'colorType': 'primary', 'cssClass': ''}, {'dictType': 'cons_status', 'value': '9', 'label': '已结束', 'colorType': 'success', 'cssClass': ''}, {'dictType': 'cons_status', 'value': '10', 'label': '余额不足', 'colorType': 'danger', 'cssClass': ''}, {'dictType': 'cons_status', 'value': '20', 'label': '待填写', 'colorType': 'primary', 'cssClass': ''}, {'dictType': 'cons_type', 'value': '1', 'label': '急会诊', 'colorType': 'default', 'cssClass': ''}, {'dictType': 'cons_type', 'value': '2', 'label': '平会诊', 'colorType': 'default', 'cssClass': ''}, {'dictType': 'contract_quick_backfill', 'value': '1', 'label': '初审备注模板', 'colorType': 'default', 'cssClass': ''}, {'dictType': 'contract_quick_backfill', 'value': '2', 'label': '复审备注模板', 'colorType': 'default', 'cssClass': ''}, {'dictType': 'contract_quick_backfill', 'value': '3', 'label': '协议审核新签备注模板', 'colorType': 'default', 'cssClass': ''}, {'dictType': 'contract_quick_backfill', 'value': '4', 'label': '协议审核续签备注模板', 'colorType': 'default', 'cssClass': ''}, {'dictType': 'contract_quick_backfill', 'value': '5', 'label': '签约成功备注模板', 'colorType': 'default', 'cssClass': ''}, {'dictType': 'contract_quick_backfill', 'value': '6', 'label': '作废备注模板', 'colorType': 'default', 'cssClass': ''}, {'dictType': 'contract_quick_backfill', 'value': '7', 'label': '收到协议模板', 'colorType': 'default', 'cssClass': ''}, {'dictType': 'contract_status', 'value': '0', 'label': '全部', 'colorType': 'default', 'cssClass': ''}, {'dictType': 'contract_status', 'value': '2', 'label': '已生效', 'colorType': 'success', 'cssClass': ''}, {'dictType': 'contract_status', 'value': '3', 'label': '已过期', 'colorType': 'info', 'cssClass': ''}, {'dictType': 'contract_status', 'value': '4', 'label': '收到协议', 'colorType': 'warning', 'cssClass': ''}, {'dictType': 'contract_type', 'value': '0', 'label': '提交申请', 'colorType': 'default', 'cssClass': ''}, {'dictType': 'contract_type', 'value': '1', 'label': '待初审', 'colorType': 'warning', 'cssClass': ''}, {'dictType': 'contract_type', 'value': '3', 'label': '被拒绝', 'colorType': 'danger', 'cssClass': ''}, {'dictType': 'contract_type', 'value': '4', 'label': '已取消', 'colorType': 'info', 'cssClass': ''}, {'dictType': 'contract_type', 'value': '5', 'label': '待复审', 'colorType': 'warning', 'cssClass': ''}, {'dictType': 'contract_type', 'value': '6', 'label': '待发送协议模板', 'colorType': 'warning', 'cssClass': ''}, {'dictType': 'contract_type', 'value': '7', 'label': '待收到协议', 'colorType': 'warning', 'cssClass': ''}, {'dictType': 'contract_type', 'value': '8', 'label': '协议已签订成功', 'colorType': 'success', 'cssClass': ''}, {'dictType': 'contract_type', 'value': '9', 'label': '作废', 'colorType': 'info', 'cssClass': ''}, {'dictType': 'cooperation_activation_type', 'value': '1', 'label': '合同签约', 'colorType': 'default', 'cssClass': ''}, {'dictType': 'cooperation_activation_type', 'value': '2', 'label': '机构管理员配置', 'colorType': 'default', 'cssClass': ''}, {'dictType': 'cooperation_activation_type', 'value': '3', 'label': '超级管理员配置', 'colorType': 'default', 'cssClass': ''}, {'dictType': 'cost_type', 'value': '0', 'label': '会诊账单', 'colorType': 'default', 'cssClass': ''}, {'dictType': 'cost_type', 'value': '1', 'label': '输入账单', 'colorType': 'default', 'cssClass': ''}, {'dictType': 'crm_product_status', 'value': '0', 'label': '下架', 'colorType': 'success', 'cssClass': ''}, {'dictType': 'crm_product_status', 'value': '1', 'label': '上架', 'colorType': 'success', 'cssClass': ''}, {'dictType': 'device_status', 'value': '0', 'label': '正常', 'colorType': 'success', 'cssClass': ''}, {'dictType': 'device_status', 'value': '1', 'label': '停用', 'colorType': 'warning', 'cssClass': ''}, {'dictType': 'doc_template_type', 'value': '1', 'label': '会诊文书', 'colorType': 'default', 'cssClass': ''}, {'dictType': 'hospital_level', 'value': '1', 'label': '三甲', 'colorType': 'default', 'cssClass': ''}, {'dictType': 'hospital_level', 'value': '2', 'label': '三乙', 'colorType': 'default', 'cssClass': ''}, {'dictType': 'hospital_nature', 'value': '1', 'label': '公立医院', 'colorType': 'default', 'cssClass': ''}, {'dictType': 'hospital_nature', 'value': '2', 'label': '私立医院', 'colorType': 'default', 'cssClass': ''}, {'dictType': 'hospital_sort', 'value': '1', 'label': '综合医院', 'colorType': 'default', 'cssClass': ''}, {'dictType': 'infra_api_error_log_process_status', 'value': '0', 'label': '未处理', 'colorType': 'primary', 'cssClass': ''}, {'dictType': 'infra_api_error_log_process_status', 'value': '1', 'label': '已处理', 'colorType': 'success', 'cssClass': ''}, {'dictType': 'infra_api_error_log_process_status', 'value': '2', 'label': '已忽略', 'colorType': 'danger', 'cssClass': ''}, {'dictType': 'infra_boolean_string', 'value': 'true', 'label': '是', 'colorType': 'danger', 'cssClass': ''}, {'dictType': 'infra_boolean_string', 'value': 'false', 'label': '否', 'colorType': 'info', 'cssClass': ''}, {'dictType': 'infra_codegen_front_type', 'value': '10', 'label': 'Vue2 Element UI 标准模版', 'colorType': '', 'cssClass': ''}, {'dictType': 'infra_codegen_front_type', 'value': '20', 'label': 'Vue3 Element Plus 标准模版', 'colorType': '', 'cssClass': ''}, {'dictType': 'infra_codegen_front_type', 'value': '21', 'label': 'Vue3 Element Plus Schema 模版', 'colorType': '', 'cssClass': ''}, {'dictType': 'infra_codegen_front_type', 'value': '30', 'label': 'Vue3 vben 模版', 'colorType': '', 'cssClass': ''}, {'dictType': 'infra_codegen_scene', 'value': '1', 'label': '管理后台', 'colorType': '', 'cssClass': ''}, {'dictType': 'infra_codegen_scene', 'value': '2', 'label': '用户 APP', 'colorType': '', 'cssClass': ''}, {'dictType': 'infra_codegen_template_type', 'value': '1', 'label': '单表（增删改查）', 'colorType': '', 'cssClass': ''}, {'dictType': 'infra_codegen_template_type', 'value': '2', 'label': '树表（增删改查）', 'colorType': '', 'cssClass': ''}, {'dictType': 'infra_codegen_template_type', 'value': '10', 'label': '主表（标准模式）', 'colorType': 'default', 'cssClass': ''}, {'dictType': 'infra_codegen_template_type', 'value': '11', 'label': '主表（ERP 模式）', 'colorType': 'default', 'cssClass': ''}, {'dictType': 'infra_codegen_template_type', 'value': '12', 'label': '主表（内嵌模式）', 'colorType': '', 'cssClass': ''}, {'dictType': 'infra_codegen_template_type', 'value': '15', 'label': '子表', 'colorType': 'default', 'cssClass': ''}, {'dictType': 'infra_config_type', 'value': '1', 'label': '系统内置', 'colorType': 'danger', 'cssClass': ''}, {'dictType': 'infra_config_type', 'value': '2', 'label': '自定义', 'colorType': 'primary', 'cssClass': ''}, {'dictType': 'infra_file_storage', 'value': '1', 'label': '数据库', 'colorType': 'default', 'cssClass': ''}, {'dictType': 'infra_file_storage', 'value': '10', 'label': '本地磁盘', 'colorType': 'default', 'cssClass': ''}, {'dictType': 'infra_file_storage', 'value': '11', 'label': 'FTP 服务器', 'colorType': 'default', 'cssClass': ''}, {'dictType': 'infra_file_storage', 'value': '12', 'label': 'SFTP 服务器', 'colorType': 'default', 'cssClass': ''}, {'dictType': 'infra_file_storage', 'value': '20', 'label': 'S3 对象存储', 'colorType': 'default', 'cssClass': ''}, {'dictType': 'infra_job_log_status', 'value': '0', 'label': '运行中', 'colorType': 'primary', 'cssClass': ''}, {'dictType': 'infra_job_log_status', 'value': '1', 'label': '成功', 'colorType': 'success', 'cssClass': ''}, {'dictType': 'infra_job_log_status', 'value': '2', 'label': '失败', 'colorType': 'warning', 'cssClass': ''}, {'dictType': 'infra_job_status', 'value': '0', 'label': '初始化中', 'colorType': 'primary', 'cssClass': ''}, {'dictType': 'infra_job_status', 'value': '1', 'label': '正常', 'colorType': 'success', 'cssClass': ''}, {'dictType': 'infra_job_status', 'value': '2', 'label': '暂停', 'colorType': 'danger', 'cssClass': ''}, {'dictType': 'input_type', 'value': '1', 'label': '输入账单', 'colorType': 'default', 'cssClass': ''}, {'dictType': 'input_type', 'value': '0', 'label': '会诊账单', 'colorType': 'default', 'cssClass': ''}, {'dictType': 'institution_audit_status', 'value': '3', 'label': '全部', 'colorType': 'default', 'cssClass': ''}, {'dictType': 'institution_audit_status', 'value': '0', 'label': '待审核', 'colorType': 'default', 'cssClass': ''}, {'dictType': 'institution_audit_status', 'value': '2', 'label': '已驳回', 'colorType': 'default', 'cssClass': ''}, {'dictType': 'institution_audit_status', 'value': '1', 'label': '已通过', 'colorType': 'default', 'cssClass': ''}, {'dictType': 'insufficient_balance_notification', 'value': '1', 'label': '短信通知', 'colorType': 'default', 'cssClass': ''}, {'dictType': 'insufficient_balance_notification', 'value': '2', 'label': '系统通知', 'colorType': 'default', 'cssClass': ''}, {'dictType': 'mdt_doc_confirm_time_status', 'value': '0', 'label': '未确认', 'colorType': 'default', 'cssClass': ''}, {'dictType': 'mdt_doc_confirm_time_status', 'value': '1', 'label': '已同意', 'colorType': 'default', 'cssClass': ''}, {'dictType': 'mdt_doc_confirm_time_status', 'value': '2', 'label': '已拒绝', 'colorType': 'default', 'cssClass': ''}, {'dictType': 'mdt_file_type', 'value': '1', 'label': '院外化验报告', 'colorType': 'default', 'cssClass': ''}, {'dictType': 'mdt_file_type', 'value': '2', 'label': '出入院记录', 'colorType': 'default', 'cssClass': ''}, {'dictType': 'mdt_file_type', 'value': '3', 'label': '院外检查报告', 'colorType': 'default', 'cssClass': ''}, {'dictType': 'mdt_file_type', 'value': '4', 'label': '院内资料', 'colorType': 'default', 'cssClass': ''}, {'dictType': 'mdt_file_type', 'value': '5', 'label': '院外影像学资料', 'colorType': 'default', 'cssClass': ''}, {'dictType': 'mdt_file_type', 'value': '10', 'label': '其他资料', 'colorType': 'default', 'cssClass': ''}, {'dictType': 'mdt_patient_question_type', 'value': '1', 'label': '患者主诉', 'colorType': 'default', 'cssClass': ''}, {'dictType': 'mdt_patient_question_type', 'value': '2', 'label': '现病史', 'colorType': 'default', 'cssClass': ''}, {'dictType': 'mdt_patient_question_type', 'value': '3', 'label': '既往史', 'colorType': 'default', 'cssClass': ''}, {'dictType': 'mdt_patient_question_type', 'value': '4', 'label': '过敏史', 'colorType': 'default', 'cssClass': ''}, {'dictType': 'mdt_patient_question_type', 'value': '5', 'label': '个人史', 'colorType': 'default', 'cssClass': ''}, {'dictType': 'mdt_patient_question_type', 'value': '6', 'label': '家族史', 'colorType': 'default', 'cssClass': ''}, {'dictType': 'mdt_status', 'value': '1', 'label': '待患者补充', 'colorType': 'warning', 'cssClass': ''}, {'dictType': 'mdt_status', 'value': '2', 'label': '已会诊', 'colorType': 'success', 'cssClass': ''}, {'dictType': 'mdt_status', 'value': '3', 'label': '待提交', 'colorType': 'warning', 'cssClass': ''}, {'dictType': 'mdt_status', 'value': '4', 'label': '已取消', 'colorType': 'info', 'cssClass': ''}, {'dictType': 'mdt_status', 'value': '5', 'label': '待安排', 'colorType': 'warning', 'cssClass': ''}, {'dictType': 'mdt_status', 'value': '6', 'label': '待确认', 'colorType': 'warning', 'cssClass': ''}, {'dictType': 'mdt_status', 'value': '10', 'label': '待会诊', 'colorType': 'primary', 'cssClass': ''}, {'dictType': 'mdt_status', 'value': '11', 'label': '待审核', 'colorType': 'warning', 'cssClass': ''}, {'dictType': 'mdt_status', 'value': '20', 'label': '会诊中', 'colorType': 'primary', 'cssClass': ''}, {'dictType': 'mdt_status', 'value': '30', 'label': '已结束', 'colorType': 'success', 'cssClass': ''}, {'dictType': 'medical_examiner_status', 'value': '1', 'label': '本人及家属', 'colorType': 'default', 'cssClass': ''}, {'dictType': 'mp_auto_reply_request_match', 'value': '1', 'label': '完全匹配', 'colorType': 'primary', 'cssClass': ''}, {'dictType': 'mp_auto_reply_request_match', 'value': '2', 'label': '半匹配', 'colorType': 'success', 'cssClass': ''}, {'dictType': 'mp_message_type', 'value': 'text', 'label': '文本', 'colorType': 'default', 'cssClass': ''}, {'dictType': 'mp_message_type', 'value': 'image', 'label': '图片', 'colorType': 'default', 'cssClass': ''}, {'dictType': 'mp_message_type', 'value': 'voice', 'label': '语音', 'colorType': 'default', 'cssClass': ''}, {'dictType': 'mp_message_type', 'value': 'video', 'label': '视频', 'colorType': 'default', 'cssClass': ''}, {'dictType': 'mp_message_type', 'value': 'shortvideo', 'label': '小视频', 'colorType': 'default', 'cssClass': ''}, {'dictType': 'mp_message_type', 'value': 'news', 'label': '图文', 'colorType': 'default', 'cssClass': ''}, {'dictType': 'mp_message_type', 'value': 'music', 'label': '音乐', 'colorType': 'default', 'cssClass': ''}, {'dictType': 'mp_message_type', 'value': 'location', 'label': '地理位置', 'colorType': 'default', 'cssClass': ''}, {'dictType': 'mp_message_type', 'value': 'link', 'label': '链接', 'colorType': 'default', 'cssClass': ''}, {'dictType': 'mp_message_type', 'value': 'event', 'label': '事件', 'colorType': 'default', 'cssClass': ''}, {'dictType': 'notify_method', 'value': '1', 'label': '站内消息通知', 'colorType': 'default', 'cssClass': ''}, {'dictType': 'notify_method', 'value': '2', 'label': '短信通知', 'colorType': 'default', 'cssClass': ''}, {'dictType': 'os_type', 'value': '1', 'label': 'Windows', 'colorType': 'default', 'cssClass': ''}, {'dictType': 'os_type', 'value': '2', 'label': 'Linux', 'colorType': 'default', 'cssClass': ''}, {'dictType': 'os_type', 'value': '3', 'label': 'MacOS', 'colorType': 'default', 'cssClass': ''}, {'dictType': 'os_type', 'value': '4', 'label': 'iOS', 'colorType': 'default', 'cssClass': ''}, {'dictType': 'os_type', 'value': '5', 'label': 'Android', 'colorType': 'default', 'cssClass': ''}, {'dictType': 'os_type', 'value': '6', 'label': 'Harmonyos', 'colorType': 'default', 'cssClass': ''}, {'dictType': 'protocol_type', 'value': '1', 'label': '二方民营', 'colorType': 'default', 'cssClass': ''}, {'dictType': 'protocol_type', 'value': '2', 'label': '二方公立', 'colorType': 'default', 'cssClass': ''}, {'dictType': 'protocol_type', 'value': '3', 'label': '三方协议', 'colorType': 'default', 'cssClass': ''}, {'dictType': 'referral_emerg_status', 'value': '1', 'label': '审批中', 'colorType': 'warning', 'cssClass': ''}, {'dictType': 'referral_emerg_status', 'value': '2', 'label': '已到达', 'colorType': 'success', 'cssClass': ''}, {'dictType': 'referral_emerg_status', 'value': '3', 'label': '被拒绝', 'colorType': 'danger', 'cssClass': ''}, {'dictType': 'referral_emerg_status', 'value': '4', 'label': '已取消', 'colorType': 'info', 'cssClass': ''}, {'dictType': 'referral_emerg_status', 'value': '10', 'label': '待审核', 'colorType': 'warning', 'cssClass': ''}, {'dictType': 'referral_emerg_status', 'value': '11', 'label': '待专科审核', 'colorType': 'warning', 'cssClass': ''}, {'dictType': 'referral_emerg_status', 'value': '12', 'label': '待复审', 'colorType': 'warning', 'cssClass': ''}, {'dictType': 'referral_emerg_status', 'value': '20', 'label': '待出发', 'colorType': 'primary', 'cssClass': ''}, {'dictType': 'referral_emerg_status', 'value': '30', 'label': '转运中', 'colorType': 'primary', 'cssClass': ''}, {'dictType': 'referral_normal_status', 'value': '1', 'label': '审批中', 'colorType': 'primary', 'cssClass': ''}, {'dictType': 'referral_normal_status', 'value': '2', 'label': '已到达', 'colorType': 'success', 'cssClass': ''}, {'dictType': 'referral_normal_status', 'value': '3', 'label': '被拒绝', 'colorType': 'danger', 'cssClass': ''}, {'dictType': 'referral_normal_status', 'value': '4', 'label': '已取消', 'colorType': 'info', 'cssClass': ''}, {'dictType': 'referral_normal_status', 'value': '20', 'label': '待出发', 'colorType': 'primary', 'cssClass': ''}, {'dictType': 'referral_normal_status', 'value': '30', 'label': '转运中', 'colorType': 'success', 'cssClass': ''}, {'dictType': 'referral_type', 'value': '1', 'label': '上转', 'colorType': 'default', 'cssClass': ''}, {'dictType': 'referral_type', 'value': '2', 'label': '下转', 'colorType': 'default', 'cssClass': ''}, {'dictType': 'system_arch_type', 'value': '1', 'label': '64Bit', 'colorType': 'default', 'cssClass': ''}, {'dictType': 'system_arch_type', 'value': '2', 'label': '32Bit', 'colorType': 'default', 'cssClass': ''}, {'dictType': 'system_certificate_level', 'value': '1', 'label': '普通', 'colorType': 'default', 'cssClass': ''}, {'dictType': 'system_certificate_type', 'value': '1', 'label': '身份证', 'colorType': 'default', 'cssClass': ''}, {'dictType': 'system_certificate_type', 'value': '2', 'label': '住院卡', 'colorType': 'default', 'cssClass': ''}, {'dictType': 'system_data_scope', 'value': '1', 'label': '全部数据权限', 'colorType': '', 'cssClass': ''}, {'dictType': 'system_data_scope', 'value': '2', 'label': '本部门及指定部门数据权限', 'colorType': '', 'cssClass': ''}, {'dictType': 'system_data_scope', 'value': '3', 'label': '仅本部门数据权限', 'colorType': '', 'cssClass': ''}, {'dictType': 'system_data_scope', 'value': '4', 'label': '本部门及以下部门数据权限', 'colorType': '', 'cssClass': ''}, {'dictType': 'system_data_scope', 'value': '5', 'label': '仅本人数据权限', 'colorType': '', 'cssClass': ''}, {'dictType': 'system_error_code_type', 'value': '1', 'label': '自动生成', 'colorType': 'warning', 'cssClass': ''}, {'dictType': 'system_error_code_type', 'value': '2', 'label': '手动编辑', 'colorType': 'primary', 'cssClass': ''}, {'dictType': 'system_ip_type', 'value': '0', 'label': 'ipv4', 'colorType': 'default', 'cssClass': ''}, {'dictType': 'system_ip_type', 'value': '1', 'label': 'ipv6', 'colorType': 'default', 'cssClass': ''}, {'dictType': 'system_login_result', 'value': '0', 'label': '成功', 'colorType': 'success', 'cssClass': ''}, {'dictType': 'system_login_result', 'value': '10', 'label': '账号或密码不正确', 'colorType': 'primary', 'cssClass': ''}, {'dictType': 'system_login_result', 'value': '20', 'label': '用户被禁用', 'colorType': 'warning', 'cssClass': ''}, {'dictType': 'system_login_result', 'value': '30', 'label': '验证码不存在', 'colorType': 'info', 'cssClass': ''}, {'dictType': 'system_login_result', 'value': '31', 'label': '验证码不正确', 'colorType': 'info', 'cssClass': ''}, {'dictType': 'system_login_result', 'value': '100', 'label': '未知异常', 'colorType': 'danger', 'cssClass': ''}, {'dictType': 'system_login_type', 'value': '100', 'label': '账号登录', 'colorType': 'primary', 'cssClass': ''}, {'dictType': 'system_login_type', 'value': '101', 'label': '社交登录', 'colorType': 'info', 'cssClass': ''}, {'dictType': 'system_login_type', 'value': '103', 'label': '短信登录', 'colorType': 'success', 'cssClass': ''}, {'dictType': 'system_login_type', 'value': '200', 'label': '主动登出', 'colorType': 'primary', 'cssClass': ''}, {'dictType': 'system_login_type', 'value': '202', 'label': '强制登出', 'colorType': 'danger', 'cssClass': ''}, {'dictType': 'system_mail_send_status', 'value': '0', 'label': '初始化', 'colorType': 'primary', 'cssClass': ''}, {'dictType': 'system_mail_send_status', 'value': '10', 'label': '发送成功', 'colorType': 'success', 'cssClass': ''}, {'dictType': 'system_mail_send_status', 'value': '20', 'label': '发送失败', 'colorType': 'danger', 'cssClass': ''}, {'dictType': 'system_mail_send_status', 'value': '30', 'label': '不发送', 'colorType': 'info', 'cssClass': ''}, {'dictType': 'system_menu_type', 'value': '1', 'label': '目录', 'colorType': '', 'cssClass': ''}, {'dictType': 'system_menu_type', 'value': '2', 'label': '菜单', 'colorType': '', 'cssClass': ''}, {'dictType': 'system_menu_type', 'value': '3', 'label': '按钮', 'colorType': '', 'cssClass': ''}, {'dictType': 'system_nation', 'value': '1', 'label': '汉族', 'colorType': 'default', 'cssClass': ''}, {'dictType': 'system_notice_style_type', 'value': 'success', 'label': '成功', 'colorType': 'success', 'cssClass': ''}, {'dictType': 'system_notice_style_type', 'value': 'warning', 'label': '警告', 'colorType': 'warning', 'cssClass': ''}, {'dictType': 'system_notice_style_type', 'value': 'info', 'label': '消息', 'colorType': 'info', 'cssClass': ''}, {'dictType': 'system_notice_style_type', 'value': 'error', 'label': '错误', 'colorType': 'danger', 'cssClass': ''}, {'dictType': 'system_notice_type', 'value': '1', 'label': '通知', 'colorType': 'success', 'cssClass': ''}, {'dictType': 'system_notice_type', 'value': '2', 'label': '公告', 'colorType': 'info', 'cssClass': ''}, {'dictType': 'system_notify_template_type', 'value': '1', 'label': '通知公告', 'colorType': 'primary', 'cssClass': ''}, {'dictType': 'system_notify_template_type', 'value': '2', 'label': '系统消息', 'colorType': 'success', 'cssClass': ''}, {'dictType': 'system_notify_template_type', 'value': '3', 'label': '流程通知', 'colorType': 'primary', 'cssClass': ''}, {'dictType': 'system_oauth2_grant_type', 'value': 'password', 'label': 'password', 'colorType': 'default', 'cssClass': ''}, {'dictType': 'system_oauth2_grant_type', 'value': 'authorization_code', 'label': 'authorization_code', 'colorType': 'primary', 'cssClass': ''}, {'dictType': 'system_oauth2_grant_type', 'value': 'implicit', 'label': 'implicit', 'colorType': 'success', 'cssClass': ''}, {'dictType': 'system_oauth2_grant_type', 'value': 'client_credentials', 'label': 'client_credentials', 'colorType': 'default', 'cssClass': ''}, {'dictType': 'system_oauth2_grant_type', 'value': 'refresh_token', 'label': 'refresh_token', 'colorType': 'info', 'cssClass': ''}, {'dictType': 'system_operate_type', 'value': '0', 'label': '其它', 'colorType': 'default', 'cssClass': ''}, {'dictType': 'system_operate_type', 'value': '1', 'label': '查询', 'colorType': 'info', 'cssClass': ''}, {'dictType': 'system_operate_type', 'value': '2', 'label': '新增', 'colorType': 'primary', 'cssClass': ''}, {'dictType': 'system_operate_type', 'value': '3', 'label': '修改', 'colorType': 'warning', 'cssClass': ''}, {'dictType': 'system_operate_type', 'value': '4', 'label': '删除', 'colorType': 'danger', 'cssClass': ''}, {'dictType': 'system_operate_type', 'value': '5', 'label': '导出', 'colorType': 'default', 'cssClass': ''}, {'dictType': 'system_operate_type', 'value': '6', 'label': '导入', 'colorType': 'default', 'cssClass': ''}, {'dictType': 'system_provider_type', 'value': '1', 'label': '电信', 'colorType': 'default', 'cssClass': ''}, {'dictType': 'system_provider_type', 'value': '3', 'label': '联通', 'colorType': 'default', 'cssClass': ''}, {'dictType': 'system_provider_type', 'value': '2', 'label': '移动', 'colorType': 'default', 'cssClass': ''}, {'dictType': 'system_provider_type', 'value': '4', 'label': '广电', 'colorType': 'default', 'cssClass': ''}, {'dictType': 'system_provider_type', 'value': '0', 'label': '未知', 'colorType': 'default', 'cssClass': ''}, {'dictType': 'system_role_public', 'value': 'false', 'label': '非公开', 'colorType': 'warning', 'cssClass': ''}, {'dictType': 'system_role_public', 'value': 'true', 'label': '公开', 'colorType': 'success', 'cssClass': ''}, {'dictType': 'system_role_type', 'value': '1', 'label': '内置', 'colorType': 'danger', 'cssClass': ''}, {'dictType': 'system_role_type', 'value': '3', 'label': '基础', 'colorType': 'warning', 'cssClass': ''}, {'dictType': 'system_role_type', 'value': '2', 'label': '自定义', 'colorType': 'primary', 'cssClass': ''}, {'dictType': 'system_sms_channel_code', 'value': 'DEBUG_DING_TALK', 'label': '调试(钉钉)', 'colorType': 'info', 'cssClass': ''}, {'dictType': 'system_sms_channel_code', 'value': 'ALIYUN', 'label': '阿里云', 'colorType': 'primary', 'cssClass': ''}, {'dictType': 'system_sms_receive_status', 'value': '0', 'label': '等待结果', 'colorType': 'primary', 'cssClass': ''}, {'dictType': 'system_sms_receive_status', 'value': '10', 'label': '接收成功', 'colorType': 'success', 'cssClass': ''}, {'dictType': 'system_sms_receive_status', 'value': '20', 'label': '接收失败', 'colorType': 'danger', 'cssClass': ''}, {'dictType': 'system_sms_send_status', 'value': '0', 'label': '初始化', 'colorType': 'primary', 'cssClass': ''}, {'dictType': 'system_sms_send_status', 'value': '10', 'label': '发送成功', 'colorType': 'success', 'cssClass': ''}, {'dictType': 'system_sms_send_status', 'value': '20', 'label': '发送失败', 'colorType': 'danger', 'cssClass': ''}, {'dictType': 'system_sms_send_status', 'value': '30', 'label': '不发送', 'colorType': 'info', 'cssClass': ''}, {'dictType': 'system_sms_template_type', 'value': '1', 'label': '验证码', 'colorType': 'warning', 'cssClass': ''}, {'dictType': 'system_sms_template_type', 'value': '2', 'label': '通知', 'colorType': 'primary', 'cssClass': ''}, {'dictType': 'system_social_type', 'value': '10', 'label': 'Gitee', 'colorType': '', 'cssClass': ''}, {'dictType': 'system_social_type', 'value': '20', 'label': '钉钉', 'colorType': '', 'cssClass': ''}, {'dictType': 'system_social_type', 'value': '30', 'label': '企业微信', 'colorType': '', 'cssClass': ''}, {'dictType': 'system_social_type', 'value': '31', 'label': '微信公众平台', 'colorType': '', 'cssClass': ''}, {'dictType': 'system_social_type', 'value': '32', 'label': '微信开放平台', 'colorType': '', 'cssClass': ''}, {'dictType': 'system_social_type', 'value': '34', 'label': '微信小程序', 'colorType': '', 'cssClass': ''}, {'dictType': 'system_user_sex', 'value': '1', 'label': '男', 'colorType': 'default', 'cssClass': 'A'}, {'dictType': 'system_user_sex', 'value': '2', 'label': '女', 'colorType': 'success', 'cssClass': ''}, {'dictType': 'tenant_sign_source', 'value': '2', 'label': '管理员配置', 'colorType': 'danger', 'cssClass': ''}, {'dictType': 'tenant_sign_source', 'value': '1', 'label': '合同签约', 'colorType': 'primary', 'cssClass': ''}, {'dictType': 'terminal', 'value': '10', 'label': '微信小程序', 'colorType': 'default', 'cssClass': ''}, {'dictType': 'terminal', 'value': '11', 'label': '微信公众号', 'colorType': 'default', 'cssClass': ''}, {'dictType': 'terminal', 'value': '20', 'label': 'H5 网页', 'colorType': 'default', 'cssClass': ''}, {'dictType': 'terminal', 'value': '31', 'label': '苹果 App', 'colorType': 'default', 'cssClass': ''}, {'dictType': 'terminal', 'value': '32', 'label': '安卓 App', 'colorType': 'default', 'cssClass': ''}, {'dictType': 'transfer_mode', 'value': '1', 'label': '救护车', 'colorType': 'default', 'cssClass': ''}, {'dictType': 'transfer_mode', 'value': '2', 'label': '患者自行前往', 'colorType': 'default', 'cssClass': ''}, {'dictType': 'user_default_type', 'value': '0', 'label': '自定义', 'colorType': 'success', 'cssClass': ''}, {'dictType': 'user_default_type', 'value': '1', 'label': '内置', 'colorType': 'danger', 'cssClass': ''}, {'dictType': 'user_type', 'value': '1', 'label': '会员', 'colorType': 'primary', 'cssClass': ''}, {'dictType': 'user_type', 'value': '2', 'label': '管理员', 'colorType': 'success', 'cssClass': ''}]
